{"/Users/tomoyatanaka/projects/atomic-design-practice/src/client.js": {"path":"/Users/tomoyatanaka/projects/atomic-design-practice/src/client.js","statementMap":{"0":{"start":{"line":1,"column":26},"end":{"line":1,"column":42}},"1":{"start":{"line":1,"column":57},"end":{"line":1,"column":87}},"2":{"start":{"line":2,"column":16},"end":{"line":2,"column":36}},"3":{"start":{"line":3,"column":28},"end":{"line":3,"column":81}},"4":{"start":{"line":3,"column":111},"end":{"line":3,"column":156}},"5":{"start":{"line":3,"column":195},"end":{"line":3,"column":249}},"6":{"start":{"line":5,"column":0},"end":{"line":7,"column":32}}},"fnMap":{"0":{"name":"_interopRequireDefault","decl":{"start":{"line":3,"column":166},"end":{"line":3,"column":188}},"loc":{"start":{"line":3,"column":194},"end":{"line":3,"column":250}},"line":3}},"branchMap":{"0":{"loc":{"start":{"line":3,"column":202},"end":{"line":3,"column":248}},"type":"cond-expr","locations":[{"start":{"line":3,"column":226},"end":{"line":3,"column":229}},{"start":{"line":3,"column":232},"end":{"line":3,"column":248}}],"line":3},"1":{"loc":{"start":{"line":3,"column":202},"end":{"line":3,"column":223}},"type":"binary-expr","locations":[{"start":{"line":3,"column":202},"end":{"line":3,"column":205}},{"start":{"line":3,"column":209},"end":{"line":3,"column":223}}],"line":3}},"s":{"0":0,"1":0,"2":0,"3":0,"4":0,"5":0,"6":0},"f":{"0":0},"b":{"0":[0,0],"1":[0,0]}}
,"/Users/tomoyatanaka/projects/atomic-design-practice/src/components/atoms/Anchor/index.js": {"path":"/Users/tomoyatanaka/projects/atomic-design-practice/src/components/atoms/Anchor/index.js","statementMap":{"0":{"start":{"line":3,"column":15},"end":{"line":5,"column":1}},"1":{"start":{"line":4,"column":2},"end":{"line":4,"column":20}}},"fnMap":{"0":{"name":"(anonymous_0)","decl":{"start":{"line":3,"column":15},"end":{"line":3,"column":16}},"loc":{"start":{"line":4,"column":2},"end":{"line":4,"column":20}},"line":4}},"branchMap":{},"s":{"0":1,"1":5},"f":{"0":5},"b":{},"_coverageSchema":"332fd63041d2c1bcb487cc26dd0d5f7d97098a6c","hash":"a76a98642147adee882f03f15d5124810ee8d073"}
,"/Users/tomoyatanaka/projects/atomic-design-practice/src/components/atoms/Balloon/index.js": {"path":"/Users/tomoyatanaka/projects/atomic-design-practice/src/components/atoms/Balloon/index.js","statementMap":{"0":{"start":{"line":5,"column":16},"end":{"line":8,"column":1}},"1":{"start":{"line":6,"column":2},"end":{"line":7,"column":19}},"2":{"start":{"line":12,"column":26},"end":{"line":17,"column":1}},"3":{"start":{"line":13,"column":2},"end":{"line":16,"column":24}}},"fnMap":{"0":{"name":"(anonymous_0)","decl":{"start":{"line":5,"column":16},"end":{"line":5,"column":17}},"loc":{"start":{"line":6,"column":2},"end":{"line":7,"column":19}},"line":6},"1":{"name":"(anonymous_1)","decl":{"start":{"line":12,"column":26},"end":{"line":12,"column":27}},"loc":{"start":{"line":13,"column":2},"end":{"line":16,"column":24}},"line":13}},"branchMap":{},"s":{"0":1,"1":25,"2":1,"3":2},"f":{"0":25,"1":2},"b":{},"_coverageSchema":"332fd63041d2c1bcb487cc26dd0d5f7d97098a6c","hash":"9ada48056288f37dde0fc941d940264777c1270f"}
,"/Users/tomoyatanaka/projects/atomic-design-practice/src/components/atoms/Button/index.js": {"path":"/Users/tomoyatanaka/projects/atomic-design-practice/src/components/atoms/Button/index.js","statementMap":{"0":{"start":{"line":5,"column":2},"end":{"line":7,"column":4}},"1":{"start":{"line":6,"column":4},"end":{"line":6,"column":111}},"2":{"start":{"line":10,"column":22},"end":{"line":10,"column":46}},"3":{"start":{"line":11,"column":29},"end":{"line":11,"column":53}},"4":{"start":{"line":12,"column":29},"end":{"line":12,"column":53}}},"fnMap":{"0":{"name":"buttonFactory","decl":{"start":{"line":4,"column":9},"end":{"line":4,"column":22}},"loc":{"start":{"line":4,"column":29},"end":{"line":8,"column":1}},"line":4},"1":{"name":"(anonymous_1)","decl":{"start":{"line":5,"column":9},"end":{"line":5,"column":10}},"loc":{"start":{"line":6,"column":4},"end":{"line":6,"column":111}},"line":6}},"branchMap":{},"s":{"0":3,"1":4,"2":1,"3":1,"4":1},"f":{"0":3,"1":4},"b":{},"_coverageSchema":"332fd63041d2c1bcb487cc26dd0d5f7d97098a6c","hash":"06108679dbef4914a8ed3cef80d13a960a1b3490"}
,"/Users/tomoyatanaka/projects/atomic-design-practice/src/components/atoms/Heading/index.js": {"path":"/Users/tomoyatanaka/projects/atomic-design-practice/src/components/atoms/Heading/index.js","statementMap":{"0":{"start":{"line":5,"column":32},"end":{"line":12,"column":1}},"1":{"start":{"line":11,"column":2},"end":{"line":11,"column":97}},"2":{"start":{"line":14,"column":42},"end":{"line":21,"column":1}},"3":{"start":{"line":20,"column":2},"end":{"line":20,"column":116}},"4":{"start":{"line":23,"column":32},"end":{"line":34,"column":1}},"5":{"start":{"line":29,"column":2},"end":{"line":29,"column":42}},"6":{"start":{"line":30,"column":2},"end":{"line":30,"column":75}},"7":{"start":{"line":31,"column":14},"end":{"line":31,"column":27}},"8":{"start":{"line":33,"column":2},"end":{"line":33,"column":51}},"9":{"start":{"line":36,"column":16},"end":{"line":36,"column":68}},"10":{"start":{"line":39,"column":33},"end":{"line":39,"column":95}}},"fnMap":{"0":{"name":"(anonymous_0)","decl":{"start":{"line":5,"column":32},"end":{"line":5,"column":33}},"loc":{"start":{"line":11,"column":2},"end":{"line":11,"column":97}},"line":11},"1":{"name":"(anonymous_1)","decl":{"start":{"line":14,"column":42},"end":{"line":14,"column":43}},"loc":{"start":{"line":20,"column":2},"end":{"line":20,"column":116}},"line":20},"2":{"name":"(anonymous_2)","decl":{"start":{"line":23,"column":32},"end":{"line":23,"column":33}},"loc":{"start":{"line":28,"column":6},"end":{"line":34,"column":1}},"line":28}},"branchMap":{"0":{"loc":{"start":{"line":25,"column":2},"end":{"line":25,"column":11}},"type":"default-arg","locations":[{"start":{"line":25,"column":10},"end":{"line":25,"column":11}}],"line":25},"1":{"loc":{"start":{"line":30,"column":16},"end":{"line":30,"column":74}},"type":"cond-expr","locations":[{"start":{"line":30,"column":55},"end":{"line":30,"column":66}},{"start":{"line":30,"column":69},"end":{"line":30,"column":74}}],"line":30}},"s":{"0":1,"1":16,"2":1,"3":3,"4":1,"5":19,"6":19,"7":19,"8":19,"9":1,"10":1},"f":{"0":16,"1":3,"2":19},"b":{"0":[2],"1":[15,4]},"_coverageSchema":"332fd63041d2c1bcb487cc26dd0d5f7d97098a6c","hash":"cbf24f51a2b1b67774b9e620c5521392144a9061"}
,"/Users/tomoyatanaka/projects/atomic-design-practice/src/components/atoms/HolyGrailLayout/index.js": {"path":"/Users/tomoyatanaka/projects/atomic-design-practice/src/components/atoms/HolyGrailLayout/index.js","statementMap":{"0":{"start":{"line":5,"column":33},"end":{"line":18,"column":1}},"1":{"start":{"line":6,"column":45},"end":{"line":6,"column":50}},"2":{"start":{"line":7,"column":2},"end":{"line":17,"column":4}},"3":{"start":{"line":20,"column":33},"end":{"line":23,"column":1}},"4":{"start":{"line":21,"column":16},"end":{"line":21,"column":34}},"5":{"start":{"line":22,"column":2},"end":{"line":22,"column":40}},"6":{"start":{"line":25,"column":18},"end":{"line":31,"column":1}},"7":{"start":{"line":34,"column":16},"end":{"line":34,"column":18}},"8":{"start":{"line":35,"column":2},"end":{"line":39,"column":5}},"9":{"start":{"line":36,"column":16},"end":{"line":36,"column":56}},"10":{"start":{"line":37,"column":4},"end":{"line":37,"column":22}},"11":{"start":{"line":37,"column":15},"end":{"line":37,"column":22}},"12":{"start":{"line":38,"column":4},"end":{"line":38,"column":37}},"13":{"start":{"line":40,"column":45},"end":{"line":40,"column":50}},"14":{"start":{"line":41,"column":2},"end":{"line":41,"column":44}},"15":{"start":{"line":44,"column":24},"end":{"line":44,"column":92}},"16":{"start":{"line":47,"column":28},"end":{"line":47,"column":60}},"17":{"start":{"line":47,"column":34},"end":{"line":47,"column":60}},"18":{"start":{"line":48,"column":31},"end":{"line":48,"column":63}},"19":{"start":{"line":48,"column":37},"end":{"line":48,"column":63}},"20":{"start":{"line":49,"column":29},"end":{"line":49,"column":61}},"21":{"start":{"line":49,"column":35},"end":{"line":49,"column":61}},"22":{"start":{"line":50,"column":29},"end":{"line":50,"column":61}},"23":{"start":{"line":50,"column":35},"end":{"line":50,"column":61}},"24":{"start":{"line":51,"column":30},"end":{"line":51,"column":62}},"25":{"start":{"line":51,"column":36},"end":{"line":51,"column":62}}},"fnMap":{"0":{"name":"(anonymous_0)","decl":{"start":{"line":5,"column":33},"end":{"line":5,"column":34}},"loc":{"start":{"line":5,"column":86},"end":{"line":18,"column":1}},"line":5},"1":{"name":"(anonymous_1)","decl":{"start":{"line":20,"column":33},"end":{"line":20,"column":34}},"loc":{"start":{"line":20,"column":72},"end":{"line":23,"column":1}},"line":20},"2":{"name":"mapParts","decl":{"start":{"line":33,"column":9},"end":{"line":33,"column":17}},"loc":{"start":{"line":33,"column":25},"end":{"line":42,"column":1}},"line":33},"3":{"name":"(anonymous_3)","decl":{"start":{"line":35,"column":12},"end":{"line":35,"column":13}},"loc":{"start":{"line":35,"column":20},"end":{"line":39,"column":3}},"line":35},"4":{"name":"(anonymous_4)","decl":{"start":{"line":47,"column":28},"end":{"line":47,"column":29}},"loc":{"start":{"line":47,"column":34},"end":{"line":47,"column":60}},"line":47},"5":{"name":"(anonymous_5)","decl":{"start":{"line":48,"column":31},"end":{"line":48,"column":32}},"loc":{"start":{"line":48,"column":37},"end":{"line":48,"column":63}},"line":48},"6":{"name":"(anonymous_6)","decl":{"start":{"line":49,"column":29},"end":{"line":49,"column":30}},"loc":{"start":{"line":49,"column":35},"end":{"line":49,"column":61}},"line":49},"7":{"name":"(anonymous_7)","decl":{"start":{"line":50,"column":29},"end":{"line":50,"column":30}},"loc":{"start":{"line":50,"column":35},"end":{"line":50,"column":61}},"line":50},"8":{"name":"(anonymous_8)","decl":{"start":{"line":51,"column":30},"end":{"line":51,"column":31}},"loc":{"start":{"line":51,"column":36},"end":{"line":51,"column":62}},"line":51}},"branchMap":{"0":{"loc":{"start":{"line":5,"column":40},"end":{"line":5,"column":51}},"type":"default-arg","locations":[{"start":{"line":5,"column":46},"end":{"line":5,"column":51}}],"line":5},"1":{"loc":{"start":{"line":37,"column":4},"end":{"line":37,"column":22}},"type":"if","locations":[{"start":{"line":37,"column":4},"end":{"line":37,"column":22}},{"start":{"line":37,"column":4},"end":{"line":37,"column":22}}],"line":37}},"s":{"0":1,"1":1,"2":1,"3":1,"4":1,"5":1,"6":1,"7":1,"8":1,"9":5,"10":5,"11":0,"12":5,"13":1,"14":1,"15":1,"16":1,"17":0,"18":1,"19":0,"20":1,"21":0,"22":1,"23":0,"24":1,"25":0},"f":{"0":1,"1":1,"2":1,"3":5,"4":0,"5":0,"6":0,"7":0,"8":0},"b":{"0":[1],"1":[0,5]},"_coverageSchema":"332fd63041d2c1bcb487cc26dd0d5f7d97098a6c","hash":"601ce4e4a9af8f44968ac58b400dc572fde79d8a"}
,"/Users/tomoyatanaka/projects/atomic-design-practice/src/components/atoms/HoverTipInteraction/index.js": {"path":"/Users/tomoyatanaka/projects/atomic-design-practice/src/components/atoms/HoverTipInteraction/index.js","statementMap":{"0":{"start":{"line":5,"column":37},"end":{"line":9,"column":1}},"1":{"start":{"line":6,"column":2},"end":{"line":8,"column":9}},"2":{"start":{"line":11,"column":37},"end":{"line":27,"column":1}},"3":{"start":{"line":12,"column":2},"end":{"line":25,"column":5}},"4":{"start":{"line":13,"column":4},"end":{"line":23,"column":5}},"5":{"start":{"line":14,"column":25},"end":{"line":14,"column":66}},"6":{"start":{"line":15,"column":6},"end":{"line":17,"column":9}},"7":{"start":{"line":18,"column":11},"end":{"line":23,"column":5}},"8":{"start":{"line":19,"column":25},"end":{"line":19,"column":45}},"9":{"start":{"line":20,"column":6},"end":{"line":22,"column":9}},"10":{"start":{"line":24,"column":4},"end":{"line":24,"column":17}},"11":{"start":{"line":26,"column":2},"end":{"line":26,"column":43}},"12":{"start":{"line":29,"column":28},"end":{"line":29,"column":104}},"13":{"start":{"line":33,"column":19},"end":{"line":33,"column":53}},"14":{"start":{"line":33,"column":25},"end":{"line":33,"column":53}},"15":{"start":{"line":34,"column":22},"end":{"line":34,"column":56}},"16":{"start":{"line":34,"column":28},"end":{"line":34,"column":56}}},"fnMap":{"0":{"name":"(anonymous_0)","decl":{"start":{"line":5,"column":37},"end":{"line":5,"column":38}},"loc":{"start":{"line":6,"column":2},"end":{"line":8,"column":9}},"line":6},"1":{"name":"(anonymous_1)","decl":{"start":{"line":11,"column":37},"end":{"line":11,"column":38}},"loc":{"start":{"line":11,"column":76},"end":{"line":27,"column":1}},"line":11},"2":{"name":"(anonymous_2)","decl":{"start":{"line":12,"column":42},"end":{"line":12,"column":43}},"loc":{"start":{"line":12,"column":51},"end":{"line":25,"column":3}},"line":12},"3":{"name":"(anonymous_3)","decl":{"start":{"line":33,"column":19},"end":{"line":33,"column":20}},"loc":{"start":{"line":33,"column":25},"end":{"line":33,"column":53}},"line":33},"4":{"name":"(anonymous_4)","decl":{"start":{"line":34,"column":22},"end":{"line":34,"column":23}},"loc":{"start":{"line":34,"column":28},"end":{"line":34,"column":56}},"line":34}},"branchMap":{"0":{"loc":{"start":{"line":13,"column":4},"end":{"line":23,"column":5}},"type":"if","locations":[{"start":{"line":13,"column":4},"end":{"line":23,"column":5}},{"start":{"line":13,"column":4},"end":{"line":23,"column":5}}],"line":13},"1":{"loc":{"start":{"line":18,"column":11},"end":{"line":23,"column":5}},"type":"if","locations":[{"start":{"line":18,"column":11},"end":{"line":23,"column":5}},{"start":{"line":18,"column":11},"end":{"line":23,"column":5}}],"line":18}},"s":{"0":1,"1":18,"2":1,"3":18,"4":36,"5":18,"6":18,"7":18,"8":3,"9":3,"10":15,"11":18,"12":1,"13":1,"14":0,"15":1,"16":0},"f":{"0":18,"1":18,"2":36,"3":0,"4":0},"b":{"0":[18,18],"1":[3,15]},"_coverageSchema":"332fd63041d2c1bcb487cc26dd0d5f7d97098a6c","hash":"7182f2bdc501f894aeb35d303ce3b82083c98f13"}
,"/Users/tomoyatanaka/projects/atomic-design-practice/src/components/atoms/Icon/index.js": {"path":"/Users/tomoyatanaka/projects/atomic-design-practice/src/components/atoms/Icon/index.js","statementMap":{"0":{"start":{"line":4,"column":29},"end":{"line":17,"column":1}},"1":{"start":{"line":10,"column":2},"end":{"line":16,"column":4}},"2":{"start":{"line":19,"column":29},"end":{"line":27,"column":1}},"3":{"start":{"line":25,"column":2},"end":{"line":25,"column":53}},"4":{"start":{"line":25,"column":15},"end":{"line":25,"column":53}},"5":{"start":{"line":26,"column":2},"end":{"line":26,"column":53}},"6":{"start":{"line":29,"column":27},"end":{"line":34,"column":1}},"7":{"start":{"line":29,"column":39},"end":{"line":34,"column":1}},"8":{"start":{"line":30,"column":2},"end":{"line":33,"column":4}},"9":{"start":{"line":31,"column":34},"end":{"line":31,"column":73}},"10":{"start":{"line":36,"column":28},"end":{"line":36,"column":52}},"11":{"start":{"line":37,"column":32},"end":{"line":37,"column":60}},"12":{"start":{"line":38,"column":26},"end":{"line":38,"column":47}},"13":{"start":{"line":39,"column":28},"end":{"line":39,"column":51}}},"fnMap":{"0":{"name":"(anonymous_0)","decl":{"start":{"line":4,"column":29},"end":{"line":4,"column":30}},"loc":{"start":{"line":10,"column":2},"end":{"line":16,"column":4}},"line":10},"1":{"name":"(anonymous_1)","decl":{"start":{"line":19,"column":29},"end":{"line":19,"column":30}},"loc":{"start":{"line":24,"column":6},"end":{"line":27,"column":1}},"line":24},"2":{"name":"(anonymous_2)","decl":{"start":{"line":29,"column":27},"end":{"line":29,"column":28}},"loc":{"start":{"line":29,"column":39},"end":{"line":34,"column":1}},"line":29},"3":{"name":"(anonymous_3)","decl":{"start":{"line":29,"column":39},"end":{"line":29,"column":40}},"loc":{"start":{"line":30,"column":2},"end":{"line":33,"column":4}},"line":30},"4":{"name":"(anonymous_4)","decl":{"start":{"line":31,"column":16},"end":{"line":31,"column":17}},"loc":{"start":{"line":31,"column":34},"end":{"line":31,"column":73}},"line":31}},"branchMap":{"0":{"loc":{"start":{"line":6,"column":2},"end":{"line":6,"column":13}},"type":"default-arg","locations":[{"start":{"line":6,"column":11},"end":{"line":6,"column":13}}],"line":6},"1":{"loc":{"start":{"line":7,"column":2},"end":{"line":7,"column":12}},"type":"default-arg","locations":[{"start":{"line":7,"column":10},"end":{"line":7,"column":12}}],"line":7},"2":{"loc":{"start":{"line":22,"column":2},"end":{"line":22,"column":16}},"type":"default-arg","locations":[{"start":{"line":22,"column":14},"end":{"line":22,"column":16}}],"line":22},"3":{"loc":{"start":{"line":25,"column":2},"end":{"line":25,"column":53}},"type":"if","locations":[{"start":{"line":25,"column":2},"end":{"line":25,"column":53}},{"start":{"line":25,"column":2},"end":{"line":25,"column":53}}],"line":25}},"s":{"0":1,"1":20,"2":1,"3":20,"4":15,"5":20,"6":1,"7":4,"8":20,"9":20,"10":1,"11":1,"12":1,"13":1},"f":{"0":20,"1":20,"2":4,"3":20,"4":20},"b":{"0":[20],"1":[20],"2":[20],"3":[15,5]},"_coverageSchema":"332fd63041d2c1bcb487cc26dd0d5f7d97098a6c","hash":"5a6f76b16dde47172a20e46eabf33d2e8ffcad57"}
,"/Users/tomoyatanaka/projects/atomic-design-practice/src/components/atoms/Img/index.js": {"path":"/Users/tomoyatanaka/projects/atomic-design-practice/src/components/atoms/Img/index.js","statementMap":{"0":{"start":{"line":3,"column":12},"end":{"line":3,"column":41}},"1":{"start":{"line":3,"column":21},"end":{"line":3,"column":41}}},"fnMap":{"0":{"name":"(anonymous_0)","decl":{"start":{"line":3,"column":12},"end":{"line":3,"column":13}},"loc":{"start":{"line":3,"column":21},"end":{"line":3,"column":41}},"line":3}},"branchMap":{},"s":{"0":1,"1":14},"f":{"0":14},"b":{},"_coverageSchema":"332fd63041d2c1bcb487cc26dd0d5f7d97098a6c","hash":"9e6c5ec7121575c53a01d875a298ff5e8496cd6e"}
,"/Users/tomoyatanaka/projects/atomic-design-practice/src/components/atoms/MediaObjectLayout/index.js": {"path":"/Users/tomoyatanaka/projects/atomic-design-practice/src/components/atoms/MediaObjectLayout/index.js","statementMap":{"0":{"start":{"line":4,"column":26},"end":{"line":9,"column":1}},"1":{"start":{"line":5,"column":2},"end":{"line":8,"column":8}}},"fnMap":{"0":{"name":"(anonymous_0)","decl":{"start":{"line":4,"column":26},"end":{"line":4,"column":27}},"loc":{"start":{"line":5,"column":2},"end":{"line":8,"column":8}},"line":5}},"branchMap":{"0":{"loc":{"start":{"line":4,"column":54},"end":{"line":4,"column":65}},"type":"default-arg","locations":[{"start":{"line":4,"column":60},"end":{"line":4,"column":65}}],"line":4}},"s":{"0":1,"1":15},"f":{"0":15},"b":{"0":[1]},"_coverageSchema":"332fd63041d2c1bcb487cc26dd0d5f7d97098a6c","hash":"bf527c05c9d756f458975e1be56aa254cccf2893"}
,"/Users/tomoyatanaka/projects/atomic-design-practice/src/components/atoms/StickyHeaderLayout/index.js": {"path":"/Users/tomoyatanaka/projects/atomic-design-practice/src/components/atoms/StickyHeaderLayout/index.js","statementMap":{"0":{"start":{"line":4,"column":27},"end":{"line":9,"column":1}},"1":{"start":{"line":5,"column":2},"end":{"line":8,"column":8}}},"fnMap":{"0":{"name":"(anonymous_0)","decl":{"start":{"line":4,"column":27},"end":{"line":4,"column":28}},"loc":{"start":{"line":5,"column":2},"end":{"line":8,"column":8}},"line":5}},"branchMap":{"0":{"loc":{"start":{"line":4,"column":34},"end":{"line":4,"column":45}},"type":"default-arg","locations":[{"start":{"line":4,"column":40},"end":{"line":4,"column":45}}],"line":4}},"s":{"0":1,"1":2},"f":{"0":2},"b":{"0":[2]},"_coverageSchema":"332fd63041d2c1bcb487cc26dd0d5f7d97098a6c","hash":"e752e8cc977160413035a62ab4249dcbb2d5ee51"}
,"/Users/tomoyatanaka/projects/atomic-design-practice/src/components/atoms/TextBox/index.js": {"path":"/Users/tomoyatanaka/projects/atomic-design-practice/src/components/atoms/TextBox/index.js","statementMap":{"0":{"start":{"line":4,"column":16},"end":{"line":6,"column":1}},"1":{"start":{"line":5,"column":2},"end":{"line":5,"column":88}}},"fnMap":{"0":{"name":"(anonymous_0)","decl":{"start":{"line":4,"column":16},"end":{"line":4,"column":17}},"loc":{"start":{"line":5,"column":2},"end":{"line":5,"column":88}},"line":5}},"branchMap":{},"s":{"0":1,"1":2},"f":{"0":2},"b":{},"_coverageSchema":"332fd63041d2c1bcb487cc26dd0d5f7d97098a6c","hash":"717d542eb45b15c71d5e4ba3bbcc77b3d0cf8e11"}
,"/Users/tomoyatanaka/projects/atomic-design-practice/src/components/atoms/Time/index.js": {"path":"/Users/tomoyatanaka/projects/atomic-design-practice/src/components/atoms/Time/index.js","statementMap":{"0":{"start":{"line":6,"column":29},"end":{"line":6,"column":59}},"1":{"start":{"line":6,"column":38},"end":{"line":6,"column":59}},"2":{"start":{"line":8,"column":29},"end":{"line":29,"column":1}},"3":{"start":{"line":15,"column":2},"end":{"line":15,"column":30}},"4":{"start":{"line":18,"column":2},"end":{"line":22,"column":3}},"5":{"start":{"line":19,"column":4},"end":{"line":19,"column":32}},"6":{"start":{"line":21,"column":4},"end":{"line":21,"column":45}},"7":{"start":{"line":24,"column":2},"end":{"line":26,"column":3}},"8":{"start":{"line":25,"column":4},"end":{"line":25,"column":37}},"9":{"start":{"line":28,"column":2},"end":{"line":28,"column":53}},"10":{"start":{"line":31,"column":13},"end":{"line":31,"column":59}},"11":{"start":{"line":34,"column":0},"end":{"line":34,"column":16}},"12":{"start":{"line":37,"column":2},"end":{"line":37,"column":47}},"13":{"start":{"line":41,"column":2},"end":{"line":41,"column":41}}},"fnMap":{"0":{"name":"(anonymous_0)","decl":{"start":{"line":6,"column":29},"end":{"line":6,"column":30}},"loc":{"start":{"line":6,"column":38},"end":{"line":6,"column":59}},"line":6},"1":{"name":"(anonymous_1)","decl":{"start":{"line":8,"column":29},"end":{"line":8,"column":30}},"loc":{"start":{"line":14,"column":6},"end":{"line":29,"column":1}},"line":14},"2":{"name":"isValid","decl":{"start":{"line":36,"column":9},"end":{"line":36,"column":16}},"loc":{"start":{"line":36,"column":27},"end":{"line":38,"column":1}},"line":36},"3":{"name":"formatDatetime","decl":{"start":{"line":40,"column":9},"end":{"line":40,"column":23}},"loc":{"start":{"line":40,"column":63},"end":{"line":42,"column":1}},"line":40}},"branchMap":{"0":{"loc":{"start":{"line":12,"column":2},"end":{"line":12,"column":29}},"type":"default-arg","locations":[{"start":{"line":12,"column":11},"end":{"line":12,"column":29}}],"line":12},"1":{"loc":{"start":{"line":18,"column":2},"end":{"line":22,"column":3}},"type":"if","locations":[{"start":{"line":18,"column":2},"end":{"line":22,"column":3}},{"start":{"line":18,"column":2},"end":{"line":22,"column":3}}],"line":18},"2":{"loc":{"start":{"line":24,"column":2},"end":{"line":26,"column":3}},"type":"if","locations":[{"start":{"line":24,"column":2},"end":{"line":26,"column":3}},{"start":{"line":24,"column":2},"end":{"line":26,"column":3}}],"line":24},"3":{"loc":{"start":{"line":40,"column":34},"end":{"line":40,"column":61}},"type":"default-arg","locations":[{"start":{"line":40,"column":43},"end":{"line":40,"column":61}}],"line":40}},"s":{"0":1,"1":29,"2":1,"3":29,"4":29,"5":1,"6":28,"7":29,"8":29,"9":29,"10":1,"11":1,"12":29,"13":57},"f":{"0":29,"1":29,"2":29,"3":57},"b":{"0":[2],"1":[1,28],"2":[29,0],"3":[29]},"_coverageSchema":"332fd63041d2c1bcb487cc26dd0d5f7d97098a6c","hash":"296a3074bdf56375bf70d028d4d80260847d399d"}
,"/Users/tomoyatanaka/projects/atomic-design-practice/src/components/atoms/Txt/index.js": {"path":"/Users/tomoyatanaka/projects/atomic-design-practice/src/components/atoms/Txt/index.js","statementMap":{"0":{"start":{"line":4,"column":19},"end":{"line":6,"column":1}},"1":{"start":{"line":4,"column":27},"end":{"line":6,"column":1}},"2":{"start":{"line":5,"column":2},"end":{"line":5,"column":88}},"3":{"start":{"line":8,"column":12},"end":{"line":8,"column":33}},"4":{"start":{"line":11,"column":23},"end":{"line":11,"column":41}},"5":{"start":{"line":12,"column":26},"end":{"line":12,"column":47}},"6":{"start":{"line":13,"column":23},"end":{"line":13,"column":41}}},"fnMap":{"0":{"name":"(anonymous_0)","decl":{"start":{"line":4,"column":19},"end":{"line":4,"column":20}},"loc":{"start":{"line":4,"column":27},"end":{"line":6,"column":1}},"line":4},"1":{"name":"(anonymous_1)","decl":{"start":{"line":4,"column":27},"end":{"line":4,"column":28}},"loc":{"start":{"line":5,"column":2},"end":{"line":5,"column":88}},"line":5}},"branchMap":{"0":{"loc":{"start":{"line":4,"column":34},"end":{"line":4,"column":43}},"type":"default-arg","locations":[{"start":{"line":4,"column":40},"end":{"line":4,"column":43}}],"line":4},"1":{"loc":{"start":{"line":4,"column":45},"end":{"line":4,"column":55}},"type":"default-arg","locations":[{"start":{"line":4,"column":52},"end":{"line":4,"column":55}}],"line":4}},"s":{"0":1,"1":4,"2":39,"3":1,"4":1,"5":1,"6":1},"f":{"0":4,"1":39},"b":{"0":[39],"1":[4]},"_coverageSchema":"332fd63041d2c1bcb487cc26dd0d5f7d97098a6c","hash":"b09bf72fb4d98f20d6928fea7662571280d7bc22"}
,"/Users/tomoyatanaka/projects/atomic-design-practice/src/components/molecules/Breadcrumb/index.js": {"path":"/Users/tomoyatanaka/projects/atomic-design-practice/src/components/molecules/Breadcrumb/index.js","statementMap":{"0":{"start":{"line":6,"column":21},"end":{"line":6,"column":23}},"1":{"start":{"line":8,"column":19},"end":{"line":16,"column":1}},"2":{"start":{"line":9,"column":2},"end":{"line":15,"column":7}},"3":{"start":{"line":11,"column":6},"end":{"line":13,"column":12}}},"fnMap":{"0":{"name":"(anonymous_0)","decl":{"start":{"line":8,"column":19},"end":{"line":8,"column":20}},"loc":{"start":{"line":9,"column":2},"end":{"line":15,"column":7}},"line":9},"1":{"name":"(anonymous_1)","decl":{"start":{"line":10,"column":16},"end":{"line":10,"column":17}},"loc":{"start":{"line":11,"column":6},"end":{"line":13,"column":12}},"line":11}},"branchMap":{"0":{"loc":{"start":{"line":8,"column":22},"end":{"line":8,"column":42}},"type":"default-arg","locations":[{"start":{"line":8,"column":30},"end":{"line":8,"column":42}}],"line":8},"1":{"loc":{"start":{"line":12,"column":8},"end":{"line":12,"column":140}},"type":"cond-expr","locations":[{"start":{"line":12,"column":33},"end":{"line":12,"column":110}},{"start":{"line":12,"column":113},"end":{"line":12,"column":140}}],"line":12}},"s":{"0":1,"1":1,"2":3,"3":6},"f":{"0":3,"1":6},"b":{"0":[0],"1":[3,3]},"_coverageSchema":"332fd63041d2c1bcb487cc26dd0d5f7d97098a6c","hash":"117261f2bd8068d29b464555bd849f91363d8d5c"}
,"/Users/tomoyatanaka/projects/atomic-design-practice/src/components/molecules/DeleteButton/index.js": {"path":"/Users/tomoyatanaka/projects/atomic-design-practice/src/components/molecules/DeleteButton/index.js","statementMap":{"0":{"start":{"line":9,"column":21},"end":{"line":19,"column":1}},"1":{"start":{"line":10,"column":2},"end":{"line":18,"column":24}}},"fnMap":{"0":{"name":"(anonymous_0)","decl":{"start":{"line":9,"column":21},"end":{"line":9,"column":22}},"loc":{"start":{"line":10,"column":2},"end":{"line":18,"column":24}},"line":10}},"branchMap":{},"s":{"0":1,"1":14},"f":{"0":14},"b":{},"_coverageSchema":"332fd63041d2c1bcb487cc26dd0d5f7d97098a6c","hash":"2981a334dccb40838950389e1cf4e8b10bfb762f"}
,"/Users/tomoyatanaka/projects/atomic-design-practice/src/components/molecules/MailAuthForm/index.js": {"path":"/Users/tomoyatanaka/projects/atomic-design-practice/src/components/molecules/MailAuthForm/index.js","statementMap":{"0":{"start":{"line":6,"column":21},"end":{"line":14,"column":1}},"1":{"start":{"line":7,"column":2},"end":{"line":13,"column":9}}},"fnMap":{"0":{"name":"(anonymous_0)","decl":{"start":{"line":6,"column":21},"end":{"line":6,"column":22}},"loc":{"start":{"line":7,"column":2},"end":{"line":13,"column":9}},"line":7}},"branchMap":{},"s":{"0":1,"1":1},"f":{"0":1},"b":{},"_coverageSchema":"332fd63041d2c1bcb487cc26dd0d5f7d97098a6c","hash":"efa0559290265f3fbea1f3f559fc71ea1c2c7be9"}
,"/Users/tomoyatanaka/projects/atomic-design-practice/src/components/molecules/Navigation/index.js": {"path":"/Users/tomoyatanaka/projects/atomic-design-practice/src/components/molecules/Navigation/index.js","statementMap":{"0":{"start":{"line":5,"column":19},"end":{"line":19,"column":1}},"1":{"start":{"line":6,"column":2},"end":{"line":18,"column":8}},"2":{"start":{"line":9,"column":8},"end":{"line":15,"column":13}}},"fnMap":{"0":{"name":"(anonymous_0)","decl":{"start":{"line":5,"column":19},"end":{"line":5,"column":20}},"loc":{"start":{"line":6,"column":2},"end":{"line":18,"column":8}},"line":6},"1":{"name":"(anonymous_1)","decl":{"start":{"line":8,"column":18},"end":{"line":8,"column":19}},"loc":{"start":{"line":9,"column":8},"end":{"line":15,"column":13}},"line":9}},"branchMap":{"0":{"loc":{"start":{"line":10,"column":12},"end":{"line":13,"column":93}},"type":"cond-expr","locations":[{"start":{"line":11,"column":12},"end":{"line":11,"column":77}},{"start":{"line":13,"column":12},"end":{"line":13,"column":93}}],"line":10}},"s":{"0":1,"1":3,"2":15},"f":{"0":3,"1":15},"b":{"0":[12,3]},"_coverageSchema":"332fd63041d2c1bcb487cc26dd0d5f7d97098a6c","hash":"f26257b80b7ab588bf9593a8be56481ebedbe05c"}
,"/Users/tomoyatanaka/projects/atomic-design-practice/src/components/organisms/Header/index.js": {"path":"/Users/tomoyatanaka/projects/atomic-design-practice/src/components/organisms/Header/index.js","statementMap":{"0":{"start":{"line":5,"column":15},"end":{"line":9,"column":1}},"1":{"start":{"line":6,"column":2},"end":{"line":8,"column":8}}},"fnMap":{"0":{"name":"(anonymous_0)","decl":{"start":{"line":5,"column":15},"end":{"line":5,"column":16}},"loc":{"start":{"line":6,"column":2},"end":{"line":8,"column":8}},"line":6}},"branchMap":{},"s":{"0":1,"1":2},"f":{"0":2},"b":{},"_coverageSchema":"332fd63041d2c1bcb487cc26dd0d5f7d97098a6c","hash":"b83777775e1b6ebb0753181c975529b6bab680eb"}
,"/Users/tomoyatanaka/projects/atomic-design-practice/src/components/organisms/Notification/index.js": {"path":"/Users/tomoyatanaka/projects/atomic-design-practice/src/components/organisms/Notification/index.js","statementMap":{"0":{"start":{"line":13,"column":4},"end":{"line":13,"column":12}},"1":{"start":{"line":14,"column":4},"end":{"line":14,"column":46}},"2":{"start":{"line":22,"column":8},"end":{"line":22,"column":18}},"3":{"start":{"line":23,"column":26},"end":{"line":23,"column":72}},"4":{"start":{"line":24,"column":27},"end":{"line":24,"column":54}},"5":{"start":{"line":25,"column":4},"end":{"line":25,"column":37}},"6":{"start":{"line":29,"column":39},"end":{"line":29,"column":49}},"7":{"start":{"line":30,"column":4},"end":{"line":30,"column":36}},"8":{"start":{"line":34,"column":37},"end":{"line":61,"column":1}},"9":{"start":{"line":40,"column":2},"end":{"line":60,"column":22}},"10":{"start":{"line":63,"column":21},"end":{"line":66,"column":1}}},"fnMap":{"0":{"name":"(anonymous_0)","decl":{"start":{"line":12,"column":2},"end":{"line":12,"column":3}},"loc":{"start":{"line":12,"column":16},"end":{"line":15,"column":3}},"line":12},"1":{"name":"(anonymous_1)","decl":{"start":{"line":17,"column":2},"end":{"line":17,"column":3}},"loc":{"start":{"line":17,"column":11},"end":{"line":26,"column":3}},"line":17},"2":{"name":"(anonymous_2)","decl":{"start":{"line":28,"column":2},"end":{"line":28,"column":3}},"loc":{"start":{"line":28,"column":25},"end":{"line":31,"column":3}},"line":28},"3":{"name":"(anonymous_3)","decl":{"start":{"line":34,"column":37},"end":{"line":34,"column":38}},"loc":{"start":{"line":40,"column":2},"end":{"line":60,"column":22}},"line":40}},"branchMap":{"0":{"loc":{"start":{"line":23,"column":26},"end":{"line":23,"column":72}},"type":"cond-expr","locations":[{"start":{"line":23,"column":47},"end":{"line":23,"column":65}},{"start":{"line":23,"column":68},"end":{"line":23,"column":72}}],"line":23}},"s":{"0":13,"1":13,"2":13,"3":13,"4":13,"5":13,"6":0,"7":0,"8":1,"9":13,"10":1},"f":{"0":13,"1":13,"2":0,"3":13},"b":{"0":[13,0]},"_coverageSchema":"332fd63041d2c1bcb487cc26dd0d5f7d97098a6c","hash":"1c978940a5050d98957c166c11a3e224f34d764d"}
,"/Users/tomoyatanaka/projects/atomic-design-practice/src/components/organisms/NotificationList/index.js": {"path":"/Users/tomoyatanaka/projects/atomic-design-practice/src/components/organisms/NotificationList/index.js","statementMap":{"0":{"start":{"line":5,"column":25},"end":{"line":20,"column":1}},"1":{"start":{"line":10,"column":2},"end":{"line":19,"column":8}},"2":{"start":{"line":12,"column":6},"end":{"line":17,"column":8}}},"fnMap":{"0":{"name":"(anonymous_0)","decl":{"start":{"line":5,"column":25},"end":{"line":5,"column":26}},"loc":{"start":{"line":10,"column":2},"end":{"line":19,"column":8}},"line":10},"1":{"name":"(anonymous_1)","decl":{"start":{"line":11,"column":19},"end":{"line":11,"column":20}},"loc":{"start":{"line":12,"column":6},"end":{"line":17,"column":8}},"line":12}},"branchMap":{},"s":{"0":1,"1":2,"2":12},"f":{"0":2,"1":12},"b":{},"_coverageSchema":"332fd63041d2c1bcb487cc26dd0d5f7d97098a6c","hash":"cff3a1cbeecf42f78973b21a99a937d64611bcbe"}
,"/Users/tomoyatanaka/projects/atomic-design-practice/src/components/organisms/PageHeader/index.js": {"path":"/Users/tomoyatanaka/projects/atomic-design-practice/src/components/organisms/PageHeader/index.js","statementMap":{"0":{"start":{"line":5,"column":19},"end":{"line":9,"column":1}},"1":{"start":{"line":6,"column":2},"end":{"line":8,"column":8}}},"fnMap":{"0":{"name":"(anonymous_0)","decl":{"start":{"line":5,"column":19},"end":{"line":5,"column":20}},"loc":{"start":{"line":6,"column":2},"end":{"line":8,"column":8}},"line":6}},"branchMap":{},"s":{"0":1,"1":2},"f":{"0":2},"b":{},"_coverageSchema":"332fd63041d2c1bcb487cc26dd0d5f7d97098a6c","hash":"3724fa264d622885f33cb9901a8130a2d0103097"}
,"/Users/tomoyatanaka/projects/atomic-design-practice/src/components/pages/NotificationListPage.js": {"path":"/Users/tomoyatanaka/projects/atomic-design-practice/src/components/pages/NotificationListPage.js","statementMap":{"0":{"start":{"line":1,"column":13},"end":{"line":1,"column":75}},"1":{"start":{"line":1,"column":94},"end":{"line":1,"column":623}},"2":{"start":{"line":1,"column":149},"end":{"line":1,"column":414}},"3":{"start":{"line":1,"column":206},"end":{"line":1,"column":214}},"4":{"start":{"line":1,"column":215},"end":{"line":1,"column":270}},"5":{"start":{"line":1,"column":270},"end":{"line":1,"column":301}},"6":{"start":{"line":1,"column":301},"end":{"line":1,"column":355}},"7":{"start":{"line":1,"column":328},"end":{"line":1,"column":355}},"8":{"start":{"line":1,"column":355},"end":{"line":1,"column":413}},"9":{"start":{"line":1,"column":415},"end":{"line":1,"column":620}},"10":{"start":{"line":1,"column":471},"end":{"line":1,"column":539}},"11":{"start":{"line":1,"column":487},"end":{"line":1,"column":539}},"12":{"start":{"line":1,"column":539},"end":{"line":1,"column":599}},"13":{"start":{"line":1,"column":556},"end":{"line":1,"column":599}},"14":{"start":{"line":1,"column":599},"end":{"line":1,"column":618}},"15":{"start":{"line":1,"column":637},"end":{"line":1,"column":653}},"16":{"start":{"line":1,"column":668},"end":{"line":1,"column":698}},"17":{"start":{"line":2,"column":13},"end":{"line":2,"column":70}},"18":{"start":{"line":2,"column":85},"end":{"line":2,"column":115}},"19":{"start":{"line":3,"column":13},"end":{"line":3,"column":43}},"20":{"start":{"line":3,"column":58},"end":{"line":3,"column":88}},"21":{"start":{"line":4,"column":21},"end":{"line":4,"column":59}},"22":{"start":{"line":4,"column":82},"end":{"line":4,"column":120}},"23":{"start":{"line":5,"column":20},"end":{"line":5,"column":57}},"24":{"start":{"line":5,"column":79},"end":{"line":5,"column":116}},"25":{"start":{"line":5,"column":155},"end":{"line":5,"column":209}},"26":{"start":{"line":5,"column":259},"end":{"line":5,"column":358}},"27":{"start":{"line":5,"column":300},"end":{"line":5,"column":357}},"28":{"start":{"line":5,"column":408},"end":{"line":5,"column":507}},"29":{"start":{"line":5,"column":420},"end":{"line":5,"column":506}},"30":{"start":{"line":5,"column":507},"end":{"line":5,"column":593}},"31":{"start":{"line":5,"column":636},"end":{"line":5,"column":799}},"32":{"start":{"line":5,"column":698},"end":{"line":5,"column":798}},"33":{"start":{"line":5,"column":799},"end":{"line":5,"column":963}},"34":{"start":{"line":5,"column":963},"end":{"line":5,"column":1081}},"35":{"start":{"line":5,"column":979},"end":{"line":5,"column":1081}},"36":{"start":{"line":7,"column":17},"end":{"line":7,"column":45}},"37":{"start":{"line":8,"column":14},"end":{"line":8,"column":53}},"38":{"start":{"line":9,"column":12},"end":{"line":9,"column":43}},"39":{"start":{"line":11,"column":23},"end":{"line":46,"column":57}},"40":{"start":{"line":11,"column":46},"end":{"line":11,"column":90}},"41":{"start":{"line":12,"column":35},"end":{"line":12,"column":79}},"42":{"start":{"line":12,"column":91},"end":{"line":12,"column":215}},"43":{"start":{"line":14,"column":4},"end":{"line":14,"column":48}},"44":{"start":{"line":15,"column":4},"end":{"line":15,"column":30}},"45":{"start":{"line":16,"column":4},"end":{"line":16,"column":39}},"46":{"start":{"line":16,"column":39},"end":{"line":16,"column":52}},"47":{"start":{"line":17,"column":3},"end":{"line":46,"column":10}},"48":{"start":{"line":20,"column":6},"end":{"line":20,"column":22}},"49":{"start":{"line":24,"column":6},"end":{"line":24,"column":41}},"50":{"start":{"line":28,"column":34},"end":{"line":28,"column":64}},"51":{"start":{"line":29,"column":6},"end":{"line":29,"column":16}},"52":{"start":{"line":29,"column":33},"end":{"line":29,"column":53}},"53":{"start":{"line":29,"column":68},"end":{"line":29,"column":86}},"54":{"start":{"line":29,"column":100},"end":{"line":29,"column":117}},"55":{"start":{"line":30,"column":6},"end":{"line":35,"column":67}},"56":{"start":{"line":41,"column":6},"end":{"line":41,"column":33}},"57":{"start":{"line":45,"column":6},"end":{"line":45,"column":50}},"58":{"start":{"line":46,"column":10},"end":{"line":46,"column":38}},"59":{"start":{"line":46,"column":58},"end":{"line":46,"column":116}},"60":{"start":{"line":46,"column":116},"end":{"line":46,"column":155}},"61":{"start":{"line":46,"column":155},"end":{"line":46,"column":191}}},"fnMap":{"0":{"name":"(anonymous_0)","decl":{"start":{"line":1,"column":94},"end":{"line":1,"column":95}},"loc":{"start":{"line":1,"column":106},"end":{"line":1,"column":621}},"line":1},"1":{"name":"defineProperties","decl":{"start":{"line":1,"column":116},"end":{"line":1,"column":132}},"loc":{"start":{"line":1,"column":148},"end":{"line":1,"column":415}},"line":1},"2":{"name":"(anonymous_2)","decl":{"start":{"line":1,"column":422},"end":{"line":1,"column":423}},"loc":{"start":{"line":1,"column":470},"end":{"line":1,"column":619}},"line":1},"3":{"name":"_interopRequireDefault","decl":{"start":{"line":5,"column":126},"end":{"line":5,"column":148}},"loc":{"start":{"line":5,"column":154},"end":{"line":5,"column":210}},"line":5},"4":{"name":"_classCallCheck","decl":{"start":{"line":5,"column":219},"end":{"line":5,"column":234}},"loc":{"start":{"line":5,"column":258},"end":{"line":5,"column":359}},"line":5},"5":{"name":"_possibleConstructorReturn","decl":{"start":{"line":5,"column":368},"end":{"line":5,"column":394}},"loc":{"start":{"line":5,"column":407},"end":{"line":5,"column":594}},"line":5},"6":{"name":"_inherits","decl":{"start":{"line":5,"column":603},"end":{"line":5,"column":612}},"loc":{"start":{"line":5,"column":635},"end":{"line":5,"column":1082}},"line":5},"7":{"name":"(anonymous_7)","decl":{"start":{"line":11,"column":23},"end":{"line":11,"column":24}},"loc":{"start":{"line":11,"column":45},"end":{"line":46,"column":39}},"line":11},"8":{"name":"NotificationListPage","decl":{"start":{"line":12,"column":11},"end":{"line":12,"column":31}},"loc":{"start":{"line":12,"column":34},"end":{"line":17,"column":3}},"line":12},"9":{"name":"componentWillMount","decl":{"start":{"line":17,"column":84},"end":{"line":17,"column":102}},"loc":{"start":{"line":19,"column":4},"end":{"line":21,"column":5}},"line":19},"10":{"name":"componentWillUnmount","decl":{"start":{"line":21,"column":56},"end":{"line":21,"column":76}},"loc":{"start":{"line":23,"column":4},"end":{"line":25,"column":5}},"line":23},"11":{"name":"render","decl":{"start":{"line":25,"column":42},"end":{"line":25,"column":48}},"loc":{"start":{"line":27,"column":4},"end":{"line":38,"column":5}},"line":27},"12":{"name":"onChange","decl":{"start":{"line":38,"column":44},"end":{"line":38,"column":52}},"loc":{"start":{"line":40,"column":4},"end":{"line":42,"column":5}},"line":40},"13":{"name":"onClickDeleteNotification","decl":{"start":{"line":42,"column":61},"end":{"line":42,"column":86}},"loc":{"start":{"line":44,"column":21},"end":{"line":46,"column":5}},"line":44}},"branchMap":{"0":{"loc":{"start":{"line":1,"column":239},"end":{"line":1,"column":269}},"type":"binary-expr","locations":[{"start":{"line":1,"column":239},"end":{"line":1,"column":260}},{"start":{"line":1,"column":264},"end":{"line":1,"column":269}}],"line":1},"1":{"loc":{"start":{"line":1,"column":301},"end":{"line":1,"column":355}},"type":"if","locations":[{"start":{"line":1,"column":301},"end":{"line":1,"column":355}},{"start":{"line":1,"column":301},"end":{"line":1,"column":355}}],"line":1},"2":{"loc":{"start":{"line":1,"column":471},"end":{"line":1,"column":539}},"type":"if","locations":[{"start":{"line":1,"column":471},"end":{"line":1,"column":539}},{"start":{"line":1,"column":471},"end":{"line":1,"column":539}}],"line":1},"3":{"loc":{"start":{"line":1,"column":539},"end":{"line":1,"column":599}},"type":"if","locations":[{"start":{"line":1,"column":539},"end":{"line":1,"column":599}},{"start":{"line":1,"column":539},"end":{"line":1,"column":599}}],"line":1},"4":{"loc":{"start":{"line":5,"column":162},"end":{"line":5,"column":208}},"type":"cond-expr","locations":[{"start":{"line":5,"column":186},"end":{"line":5,"column":189}},{"start":{"line":5,"column":192},"end":{"line":5,"column":208}}],"line":5},"5":{"loc":{"start":{"line":5,"column":162},"end":{"line":5,"column":183}},"type":"binary-expr","locations":[{"start":{"line":5,"column":162},"end":{"line":5,"column":165}},{"start":{"line":5,"column":169},"end":{"line":5,"column":183}}],"line":5},"6":{"loc":{"start":{"line":5,"column":259},"end":{"line":5,"column":358}},"type":"if","locations":[{"start":{"line":5,"column":259},"end":{"line":5,"column":358}},{"start":{"line":5,"column":259},"end":{"line":5,"column":358}}],"line":5},"7":{"loc":{"start":{"line":5,"column":408},"end":{"line":5,"column":507}},"type":"if","locations":[{"start":{"line":5,"column":408},"end":{"line":5,"column":507}},{"start":{"line":5,"column":408},"end":{"line":5,"column":507}}],"line":5},"8":{"loc":{"start":{"line":5,"column":514},"end":{"line":5,"column":592}},"type":"cond-expr","locations":[{"start":{"line":5,"column":581},"end":{"line":5,"column":585}},{"start":{"line":5,"column":588},"end":{"line":5,"column":592}}],"line":5},"9":{"loc":{"start":{"line":5,"column":514},"end":{"line":5,"column":578}},"type":"binary-expr","locations":[{"start":{"line":5,"column":514},"end":{"line":5,"column":518}},{"start":{"line":5,"column":523},"end":{"line":5,"column":547}},{"start":{"line":5,"column":551},"end":{"line":5,"column":577}}],"line":5},"10":{"loc":{"start":{"line":5,"column":636},"end":{"line":5,"column":799}},"type":"if","locations":[{"start":{"line":5,"column":636},"end":{"line":5,"column":799}},{"start":{"line":5,"column":636},"end":{"line":5,"column":799}}],"line":5},"11":{"loc":{"start":{"line":5,"column":640},"end":{"line":5,"column":695}},"type":"binary-expr","locations":[{"start":{"line":5,"column":640},"end":{"line":5,"column":672}},{"start":{"line":5,"column":676},"end":{"line":5,"column":695}}],"line":5},"12":{"loc":{"start":{"line":5,"column":834},"end":{"line":5,"column":868}},"type":"binary-expr","locations":[{"start":{"line":5,"column":834},"end":{"line":5,"column":844}},{"start":{"line":5,"column":848},"end":{"line":5,"column":868}}],"line":5},"13":{"loc":{"start":{"line":5,"column":963},"end":{"line":5,"column":1081}},"type":"if","locations":[{"start":{"line":5,"column":963},"end":{"line":5,"column":1081}},{"start":{"line":5,"column":963},"end":{"line":5,"column":1081}}],"line":5},"14":{"loc":{"start":{"line":5,"column":979},"end":{"line":5,"column":1080}},"type":"cond-expr","locations":[{"start":{"line":5,"column":1003},"end":{"line":5,"column":1046}},{"start":{"line":5,"column":1049},"end":{"line":5,"column":1080}}],"line":5},"15":{"loc":{"start":{"line":12,"column":125},"end":{"line":12,"column":202}},"type":"binary-expr","locations":[{"start":{"line":12,"column":125},"end":{"line":12,"column":155}},{"start":{"line":12,"column":159},"end":{"line":12,"column":202}}],"line":12}},"s":{"0":0,"1":0,"2":0,"3":0,"4":0,"5":0,"6":0,"7":0,"8":0,"9":0,"10":0,"11":0,"12":0,"13":0,"14":0,"15":0,"16":0,"17":0,"18":0,"19":0,"20":0,"21":0,"22":0,"23":0,"24":0,"25":0,"26":0,"27":0,"28":0,"29":0,"30":0,"31":0,"32":0,"33":0,"34":0,"35":0,"36":0,"37":0,"38":0,"39":0,"40":0,"41":0,"42":0,"43":0,"44":0,"45":0,"46":0,"47":0,"48":0,"49":0,"50":0,"51":0,"52":0,"53":0,"54":0,"55":0,"56":0,"57":0,"58":0,"59":0,"60":0,"61":0},"f":{"0":0,"1":0,"2":0,"3":0,"4":0,"5":0,"6":0,"7":0,"8":0,"9":0,"10":0,"11":0,"12":0,"13":0},"b":{"0":[0,0],"1":[0,0],"2":[0,0],"3":[0,0],"4":[0,0],"5":[0,0],"6":[0,0],"7":[0,0],"8":[0,0],"9":[0,0,0],"10":[0,0],"11":[0,0],"12":[0,0],"13":[0,0],"14":[0,0],"15":[0,0]}}
,"/Users/tomoyatanaka/projects/atomic-design-practice/src/components/templates/NotificationListTemplate/index.js": {"path":"/Users/tomoyatanaka/projects/atomic-design-practice/src/components/templates/NotificationListTemplate/index.js","statementMap":{"0":{"start":{"line":8,"column":33},"end":{"line":20,"column":1}},"1":{"start":{"line":9,"column":2},"end":{"line":19,"column":23}}},"fnMap":{"0":{"name":"(anonymous_0)","decl":{"start":{"line":8,"column":33},"end":{"line":8,"column":34}},"loc":{"start":{"line":9,"column":2},"end":{"line":19,"column":23}},"line":9}},"branchMap":{},"s":{"0":1,"1":1},"f":{"0":1},"b":{},"_coverageSchema":"332fd63041d2c1bcb487cc26dd0d5f7d97098a6c","hash":"309b565db36bcb81c22136ee5333486b7c5625df"}
,"/Users/tomoyatanaka/projects/atomic-design-practice/src/components/utils/HoC.js": {"path":"/Users/tomoyatanaka/projects/atomic-design-practice/src/components/utils/HoC.js","statementMap":{"0":{"start":{"line":4,"column":2},"end":{"line":6,"column":4}},"1":{"start":{"line":5,"column":4},"end":{"line":5,"column":98}},"2":{"start":{"line":5,"column":45},"end":{"line":5,"column":80}}},"fnMap":{"0":{"name":"containPresenter","decl":{"start":{"line":3,"column":16},"end":{"line":3,"column":32}},"loc":{"start":{"line":3,"column":55},"end":{"line":7,"column":1}},"line":3},"1":{"name":"(anonymous_1)","decl":{"start":{"line":4,"column":9},"end":{"line":4,"column":10}},"loc":{"start":{"line":5,"column":4},"end":{"line":5,"column":98}},"line":5},"2":{"name":"(anonymous_2)","decl":{"start":{"line":5,"column":27},"end":{"line":5,"column":28}},"loc":{"start":{"line":5,"column":45},"end":{"line":5,"column":80}},"line":5}},"branchMap":{},"s":{"0":6,"1":80,"2":80},"f":{"0":6,"1":80,"2":80},"b":{},"_coverageSchema":"332fd63041d2c1bcb487cc26dd0d5f7d97098a6c","hash":"8a545f67f40d359fe0506cc886b0408f4d05104e"}
,"/Users/tomoyatanaka/projects/atomic-design-practice/src/components/utils/decorators.js": {"path":"/Users/tomoyatanaka/projects/atomic-design-practice/src/components/utils/decorators.js","statementMap":{"0":{"start":{"line":3,"column":25},"end":{"line":3,"column":81}},"1":{"start":{"line":3,"column":34},"end":{"line":3,"column":81}},"2":{"start":{"line":3,"column":47},"end":{"line":3,"column":81}}},"fnMap":{"0":{"name":"(anonymous_0)","decl":{"start":{"line":3,"column":25},"end":{"line":3,"column":26}},"loc":{"start":{"line":3,"column":34},"end":{"line":3,"column":81}},"line":3},"1":{"name":"(anonymous_1)","decl":{"start":{"line":3,"column":34},"end":{"line":3,"column":35}},"loc":{"start":{"line":3,"column":47},"end":{"line":3,"column":81}},"line":3}},"branchMap":{},"s":{"0":1,"1":5,"2":5},"f":{"0":5,"1":5},"b":{},"_coverageSchema":"332fd63041d2c1bcb487cc26dd0d5f7d97098a6c","hash":"72d8d850ffc4f70ff8e98a1e64a7d42a112409ab"}
,"/Users/tomoyatanaka/projects/atomic-design-practice/src/mock/ActionCreator.js": {"path":"/Users/tomoyatanaka/projects/atomic-design-practice/src/mock/ActionCreator.js","statementMap":{"0":{"start":{"line":1,"column":13},"end":{"line":1,"column":75}},"1":{"start":{"line":1,"column":94},"end":{"line":1,"column":623}},"2":{"start":{"line":1,"column":149},"end":{"line":1,"column":414}},"3":{"start":{"line":1,"column":206},"end":{"line":1,"column":214}},"4":{"start":{"line":1,"column":215},"end":{"line":1,"column":270}},"5":{"start":{"line":1,"column":270},"end":{"line":1,"column":301}},"6":{"start":{"line":1,"column":301},"end":{"line":1,"column":355}},"7":{"start":{"line":1,"column":328},"end":{"line":1,"column":355}},"8":{"start":{"line":1,"column":355},"end":{"line":1,"column":413}},"9":{"start":{"line":1,"column":415},"end":{"line":1,"column":620}},"10":{"start":{"line":1,"column":471},"end":{"line":1,"column":539}},"11":{"start":{"line":1,"column":487},"end":{"line":1,"column":539}},"12":{"start":{"line":1,"column":539},"end":{"line":1,"column":599}},"13":{"start":{"line":1,"column":556},"end":{"line":1,"column":599}},"14":{"start":{"line":1,"column":599},"end":{"line":1,"column":618}},"15":{"start":{"line":1,"column":636},"end":{"line":1,"column":656}},"16":{"start":{"line":1,"column":670},"end":{"line":1,"column":699}},"17":{"start":{"line":1,"column":738},"end":{"line":1,"column":792}},"18":{"start":{"line":1,"column":825},"end":{"line":1,"column":1225}},"19":{"start":{"line":1,"column":855},"end":{"line":1,"column":880}},"20":{"start":{"line":1,"column":881},"end":{"line":1,"column":1223}},"21":{"start":{"line":1,"column":953},"end":{"line":1,"column":1045}},"22":{"start":{"line":1,"column":969},"end":{"line":1,"column":982}},"23":{"start":{"line":1,"column":995},"end":{"line":1,"column":1005}},"24":{"start":{"line":1,"column":1023},"end":{"line":1,"column":1037}},"25":{"start":{"line":1,"column":1037},"end":{"line":1,"column":1044}},"26":{"start":{"line":1,"column":1045},"end":{"line":1,"column":1199}},"27":{"start":{"line":1,"column":1061},"end":{"line":1,"column":1076}},"28":{"start":{"line":1,"column":1084},"end":{"line":1,"column":1198}},"29":{"start":{"line":1,"column":1137},"end":{"line":1,"column":1157}},"30":{"start":{"line":1,"column":1176},"end":{"line":1,"column":1195}},"31":{"start":{"line":1,"column":1200},"end":{"line":1,"column":1220}},"32":{"start":{"line":1,"column":1275},"end":{"line":1,"column":1374}},"33":{"start":{"line":1,"column":1316},"end":{"line":1,"column":1373}},"34":{"start":{"line":3,"column":16},"end":{"line":15,"column":258}},"35":{"start":{"line":4,"column":38},"end":{"line":4,"column":75}},"36":{"start":{"line":5,"column":4},"end":{"line":5,"column":33}},"37":{"start":{"line":6,"column":3},"end":{"line":15,"column":234}},"38":{"start":{"line":6,"column":79},"end":{"line":10,"column":115}},"39":{"start":{"line":6,"column":164},"end":{"line":10,"column":112}},"40":{"start":{"line":6,"column":224},"end":{"line":10,"column":94}},"41":{"start":{"line":6,"column":235},"end":{"line":10,"column":93}},"42":{"start":{"line":6,"column":282},"end":{"line":6,"column":300}},"43":{"start":{"line":6,"column":300},"end":{"line":9,"column":51}},"44":{"start":{"line":9,"column":58},"end":{"line":9,"column":79}},"45":{"start":{"line":10,"column":16},"end":{"line":10,"column":51}},"46":{"start":{"line":10,"column":69},"end":{"line":10,"column":92}},"47":{"start":{"line":10,"column":134},"end":{"line":10,"column":169}},"48":{"start":{"line":10,"column":170},"end":{"line":10,"column":183}},"49":{"start":{"line":10,"column":251},"end":{"line":15,"column":129}},"50":{"start":{"line":13,"column":11},"end":{"line":15,"column":126}},"51":{"start":{"line":13,"column":73},"end":{"line":15,"column":107}},"52":{"start":{"line":13,"column":84},"end":{"line":15,"column":106}},"53":{"start":{"line":13,"column":133},"end":{"line":13,"column":152}},"54":{"start":{"line":13,"column":152},"end":{"line":14,"column":54}},"55":{"start":{"line":15,"column":16},"end":{"line":15,"column":63}},"56":{"start":{"line":15,"column":81},"end":{"line":15,"column":105}},"57":{"start":{"line":15,"column":163},"end":{"line":15,"column":199}},"58":{"start":{"line":15,"column":200},"end":{"line":15,"column":226}},"59":{"start":{"line":15,"column":234},"end":{"line":15,"column":255}},"60":{"start":{"line":15,"column":259},"end":{"line":15,"column":291}},"61":{"start":{"line":15,"column":291},"end":{"line":15,"column":327}}},"fnMap":{"0":{"name":"(anonymous_0)","decl":{"start":{"line":1,"column":94},"end":{"line":1,"column":95}},"loc":{"start":{"line":1,"column":106},"end":{"line":1,"column":621}},"line":1},"1":{"name":"defineProperties","decl":{"start":{"line":1,"column":116},"end":{"line":1,"column":132}},"loc":{"start":{"line":1,"column":148},"end":{"line":1,"column":415}},"line":1},"2":{"name":"(anonymous_2)","decl":{"start":{"line":1,"column":422},"end":{"line":1,"column":423}},"loc":{"start":{"line":1,"column":470},"end":{"line":1,"column":619}},"line":1},"3":{"name":"_interopRequireDefault","decl":{"start":{"line":1,"column":709},"end":{"line":1,"column":731}},"loc":{"start":{"line":1,"column":737},"end":{"line":1,"column":793}},"line":1},"4":{"name":"_asyncToGenerator","decl":{"start":{"line":1,"column":802},"end":{"line":1,"column":819}},"loc":{"start":{"line":1,"column":824},"end":{"line":1,"column":1226}},"line":1},"5":{"name":"(anonymous_5)","decl":{"start":{"line":1,"column":832},"end":{"line":1,"column":833}},"loc":{"start":{"line":1,"column":844},"end":{"line":1,"column":1224}},"line":1},"6":{"name":"(anonymous_6)","decl":{"start":{"line":1,"column":900},"end":{"line":1,"column":901}},"loc":{"start":{"line":1,"column":927},"end":{"line":1,"column":1221}},"line":1},"7":{"name":"step","decl":{"start":{"line":1,"column":937},"end":{"line":1,"column":941}},"loc":{"start":{"line":1,"column":952},"end":{"line":1,"column":1200}},"line":1},"8":{"name":"(anonymous_8)","decl":{"start":{"line":1,"column":1119},"end":{"line":1,"column":1120}},"loc":{"start":{"line":1,"column":1136},"end":{"line":1,"column":1158}},"line":1},"9":{"name":"(anonymous_9)","decl":{"start":{"line":1,"column":1160},"end":{"line":1,"column":1161}},"loc":{"start":{"line":1,"column":1175},"end":{"line":1,"column":1196}},"line":1},"10":{"name":"_classCallCheck","decl":{"start":{"line":1,"column":1235},"end":{"line":1,"column":1250}},"loc":{"start":{"line":1,"column":1274},"end":{"line":1,"column":1375}},"line":1},"11":{"name":"(anonymous_11)","decl":{"start":{"line":3,"column":16},"end":{"line":3,"column":17}},"loc":{"start":{"line":3,"column":28},"end":{"line":15,"column":256}},"line":3},"12":{"name":"ActionCreator","decl":{"start":{"line":4,"column":11},"end":{"line":4,"column":24}},"loc":{"start":{"line":4,"column":37},"end":{"line":6,"column":3}},"line":4},"13":{"name":"(anonymous_13)","decl":{"start":{"line":6,"column":55},"end":{"line":6,"column":56}},"loc":{"start":{"line":6,"column":67},"end":{"line":10,"column":184}},"line":6},"14":{"name":"_callee","decl":{"start":{"line":6,"column":144},"end":{"line":6,"column":151}},"loc":{"start":{"line":6,"column":154},"end":{"line":10,"column":113}},"line":6},"15":{"name":"_callee$","decl":{"start":{"line":6,"column":204},"end":{"line":6,"column":212}},"loc":{"start":{"line":6,"column":223},"end":{"line":10,"column":95}},"line":6},"16":{"name":"fetch","decl":{"start":{"line":10,"column":125},"end":{"line":10,"column":130}},"loc":{"start":{"line":10,"column":133},"end":{"line":10,"column":170}},"line":10},"17":{"name":"(anonymous_17)","decl":{"start":{"line":10,"column":226},"end":{"line":10,"column":227}},"loc":{"start":{"line":10,"column":238},"end":{"line":15,"column":227}},"line":10},"18":{"name":"_callee2","decl":{"start":{"line":10,"column":316},"end":{"line":10,"column":324}},"loc":{"start":{"line":13,"column":10},"end":{"line":15,"column":127}},"line":13},"19":{"name":"_callee2$","decl":{"start":{"line":13,"column":51},"end":{"line":13,"column":60}},"loc":{"start":{"line":13,"column":72},"end":{"line":15,"column":108}},"line":13},"20":{"name":"deleteNotification","decl":{"start":{"line":15,"column":139},"end":{"line":15,"column":157}},"loc":{"start":{"line":15,"column":162},"end":{"line":15,"column":200}},"line":15}},"branchMap":{"0":{"loc":{"start":{"line":1,"column":239},"end":{"line":1,"column":269}},"type":"binary-expr","locations":[{"start":{"line":1,"column":239},"end":{"line":1,"column":260}},{"start":{"line":1,"column":264},"end":{"line":1,"column":269}}],"line":1},"1":{"loc":{"start":{"line":1,"column":301},"end":{"line":1,"column":355}},"type":"if","locations":[{"start":{"line":1,"column":301},"end":{"line":1,"column":355}},{"start":{"line":1,"column":301},"end":{"line":1,"column":355}}],"line":1},"2":{"loc":{"start":{"line":1,"column":471},"end":{"line":1,"column":539}},"type":"if","locations":[{"start":{"line":1,"column":471},"end":{"line":1,"column":539}},{"start":{"line":1,"column":471},"end":{"line":1,"column":539}}],"line":1},"3":{"loc":{"start":{"line":1,"column":539},"end":{"line":1,"column":599}},"type":"if","locations":[{"start":{"line":1,"column":539},"end":{"line":1,"column":599}},{"start":{"line":1,"column":539},"end":{"line":1,"column":599}}],"line":1},"4":{"loc":{"start":{"line":1,"column":745},"end":{"line":1,"column":791}},"type":"cond-expr","locations":[{"start":{"line":1,"column":769},"end":{"line":1,"column":772}},{"start":{"line":1,"column":775},"end":{"line":1,"column":791}}],"line":1},"5":{"loc":{"start":{"line":1,"column":745},"end":{"line":1,"column":766}},"type":"binary-expr","locations":[{"start":{"line":1,"column":745},"end":{"line":1,"column":748}},{"start":{"line":1,"column":752},"end":{"line":1,"column":766}}],"line":1},"6":{"loc":{"start":{"line":1,"column":1045},"end":{"line":1,"column":1199}},"type":"if","locations":[{"start":{"line":1,"column":1045},"end":{"line":1,"column":1199}},{"start":{"line":1,"column":1045},"end":{"line":1,"column":1199}}],"line":1},"7":{"loc":{"start":{"line":1,"column":1275},"end":{"line":1,"column":1374}},"type":"if","locations":[{"start":{"line":1,"column":1275},"end":{"line":1,"column":1374}},{"start":{"line":1,"column":1275},"end":{"line":1,"column":1374}}],"line":1},"8":{"loc":{"start":{"line":6,"column":235},"end":{"line":10,"column":93}},"type":"switch","locations":[{"start":{"line":6,"column":275},"end":{"line":9,"column":51}},{"start":{"line":9,"column":51},"end":{"line":10,"column":51}},{"start":{"line":10,"column":51},"end":{"line":10,"column":58}},{"start":{"line":10,"column":58},"end":{"line":10,"column":92}}],"line":6},"9":{"loc":{"start":{"line":13,"column":84},"end":{"line":15,"column":106}},"type":"switch","locations":[{"start":{"line":13,"column":126},"end":{"line":14,"column":54}},{"start":{"line":14,"column":54},"end":{"line":15,"column":63}},{"start":{"line":15,"column":63},"end":{"line":15,"column":70}},{"start":{"line":15,"column":70},"end":{"line":15,"column":105}}],"line":13}},"s":{"0":0,"1":0,"2":0,"3":0,"4":0,"5":0,"6":0,"7":0,"8":0,"9":0,"10":0,"11":0,"12":0,"13":0,"14":0,"15":0,"16":0,"17":0,"18":0,"19":0,"20":0,"21":0,"22":0,"23":0,"24":0,"25":0,"26":0,"27":0,"28":0,"29":0,"30":0,"31":0,"32":0,"33":0,"34":0,"35":0,"36":0,"37":0,"38":0,"39":0,"40":0,"41":0,"42":0,"43":0,"44":0,"45":0,"46":0,"47":0,"48":0,"49":0,"50":0,"51":0,"52":0,"53":0,"54":0,"55":0,"56":0,"57":0,"58":0,"59":0,"60":0,"61":0},"f":{"0":0,"1":0,"2":0,"3":0,"4":0,"5":0,"6":0,"7":0,"8":0,"9":0,"10":0,"11":0,"12":0,"13":0,"14":0,"15":0,"16":0,"17":0,"18":0,"19":0,"20":0},"b":{"0":[0,0],"1":[0,0],"2":[0,0],"3":[0,0],"4":[0,0],"5":[0,0],"6":[0,0],"7":[0,0],"8":[0,0,0,0],"9":[0,0,0,0]}}
,"/Users/tomoyatanaka/projects/atomic-design-practice/src/mock/EventEmitter.js": {"path":"/Users/tomoyatanaka/projects/atomic-design-practice/src/mock/EventEmitter.js","statementMap":{"0":{"start":{"line":1,"column":13},"end":{"line":1,"column":75}},"1":{"start":{"line":1,"column":94},"end":{"line":1,"column":623}},"2":{"start":{"line":1,"column":149},"end":{"line":1,"column":414}},"3":{"start":{"line":1,"column":206},"end":{"line":1,"column":214}},"4":{"start":{"line":1,"column":215},"end":{"line":1,"column":270}},"5":{"start":{"line":1,"column":270},"end":{"line":1,"column":301}},"6":{"start":{"line":1,"column":301},"end":{"line":1,"column":355}},"7":{"start":{"line":1,"column":328},"end":{"line":1,"column":355}},"8":{"start":{"line":1,"column":355},"end":{"line":1,"column":413}},"9":{"start":{"line":1,"column":415},"end":{"line":1,"column":620}},"10":{"start":{"line":1,"column":471},"end":{"line":1,"column":539}},"11":{"start":{"line":1,"column":487},"end":{"line":1,"column":539}},"12":{"start":{"line":1,"column":539},"end":{"line":1,"column":599}},"13":{"start":{"line":1,"column":556},"end":{"line":1,"column":599}},"14":{"start":{"line":1,"column":599},"end":{"line":1,"column":618}},"15":{"start":{"line":1,"column":673},"end":{"line":1,"column":772}},"16":{"start":{"line":1,"column":714},"end":{"line":1,"column":771}},"17":{"start":{"line":1,"column":792},"end":{"line":21,"column":33}},"18":{"start":{"line":2,"column":27},"end":{"line":2,"column":63}},"19":{"start":{"line":3,"column":4},"end":{"line":3,"column":23}},"20":{"start":{"line":4,"column":3},"end":{"line":21,"column":10}},"21":{"start":{"line":7,"column":6},"end":{"line":9,"column":7}},"22":{"start":{"line":8,"column":8},"end":{"line":8,"column":33}},"23":{"start":{"line":10,"column":6},"end":{"line":10,"column":40}},"24":{"start":{"line":14,"column":16},"end":{"line":14,"column":77}},"25":{"start":{"line":14,"column":54},"end":{"line":14,"column":75}},"26":{"start":{"line":15,"column":6},"end":{"line":15,"column":35}},"27":{"start":{"line":18,"column":29},"end":{"line":18,"column":33}},"28":{"start":{"line":19,"column":6},"end":{"line":20,"column":70}},"29":{"start":{"line":20,"column":34},"end":{"line":20,"column":67}},"30":{"start":{"line":21,"column":10},"end":{"line":21,"column":30}},"31":{"start":{"line":21,"column":34},"end":{"line":21,"column":65}},"32":{"start":{"line":21,"column":65},"end":{"line":21,"column":101}}},"fnMap":{"0":{"name":"(anonymous_0)","decl":{"start":{"line":1,"column":94},"end":{"line":1,"column":95}},"loc":{"start":{"line":1,"column":106},"end":{"line":1,"column":621}},"line":1},"1":{"name":"defineProperties","decl":{"start":{"line":1,"column":116},"end":{"line":1,"column":132}},"loc":{"start":{"line":1,"column":148},"end":{"line":1,"column":415}},"line":1},"2":{"name":"(anonymous_2)","decl":{"start":{"line":1,"column":422},"end":{"line":1,"column":423}},"loc":{"start":{"line":1,"column":470},"end":{"line":1,"column":619}},"line":1},"3":{"name":"_classCallCheck","decl":{"start":{"line":1,"column":633},"end":{"line":1,"column":648}},"loc":{"start":{"line":1,"column":672},"end":{"line":1,"column":773}},"line":1},"4":{"name":"(anonymous_4)","decl":{"start":{"line":1,"column":792},"end":{"line":1,"column":793}},"loc":{"start":{"line":1,"column":804},"end":{"line":21,"column":31}},"line":1},"5":{"name":"EventEmitter","decl":{"start":{"line":2,"column":11},"end":{"line":2,"column":23}},"loc":{"start":{"line":2,"column":26},"end":{"line":4,"column":3}},"line":2},"6":{"name":"on","decl":{"start":{"line":4,"column":60},"end":{"line":4,"column":62}},"loc":{"start":{"line":6,"column":19},"end":{"line":11,"column":5}},"line":6},"7":{"name":"off","decl":{"start":{"line":11,"column":39},"end":{"line":11,"column":42}},"loc":{"start":{"line":13,"column":19},"end":{"line":16,"column":5}},"line":13},"8":{"name":"(anonymous_8)","decl":{"start":{"line":14,"column":40},"end":{"line":14,"column":41}},"loc":{"start":{"line":14,"column":53},"end":{"line":14,"column":76}},"line":14},"9":{"name":"emit","decl":{"start":{"line":16,"column":40},"end":{"line":16,"column":44}},"loc":{"start":{"line":18,"column":16},"end":{"line":21,"column":5}},"line":18},"10":{"name":"(anonymous_10)","decl":{"start":{"line":20,"column":14},"end":{"line":20,"column":15}},"loc":{"start":{"line":20,"column":33},"end":{"line":20,"column":68}},"line":20}},"branchMap":{"0":{"loc":{"start":{"line":1,"column":239},"end":{"line":1,"column":269}},"type":"binary-expr","locations":[{"start":{"line":1,"column":239},"end":{"line":1,"column":260}},{"start":{"line":1,"column":264},"end":{"line":1,"column":269}}],"line":1},"1":{"loc":{"start":{"line":1,"column":301},"end":{"line":1,"column":355}},"type":"if","locations":[{"start":{"line":1,"column":301},"end":{"line":1,"column":355}},{"start":{"line":1,"column":301},"end":{"line":1,"column":355}}],"line":1},"2":{"loc":{"start":{"line":1,"column":471},"end":{"line":1,"column":539}},"type":"if","locations":[{"start":{"line":1,"column":471},"end":{"line":1,"column":539}},{"start":{"line":1,"column":471},"end":{"line":1,"column":539}}],"line":1},"3":{"loc":{"start":{"line":1,"column":539},"end":{"line":1,"column":599}},"type":"if","locations":[{"start":{"line":1,"column":539},"end":{"line":1,"column":599}},{"start":{"line":1,"column":539},"end":{"line":1,"column":599}}],"line":1},"4":{"loc":{"start":{"line":1,"column":673},"end":{"line":1,"column":772}},"type":"if","locations":[{"start":{"line":1,"column":673},"end":{"line":1,"column":772}},{"start":{"line":1,"column":673},"end":{"line":1,"column":772}}],"line":1},"5":{"loc":{"start":{"line":7,"column":6},"end":{"line":9,"column":7}},"type":"if","locations":[{"start":{"line":7,"column":6},"end":{"line":9,"column":7}},{"start":{"line":7,"column":6},"end":{"line":9,"column":7}}],"line":7},"6":{"loc":{"start":{"line":19,"column":7},"end":{"line":19,"column":32}},"type":"binary-expr","locations":[{"start":{"line":19,"column":7},"end":{"line":19,"column":26}},{"start":{"line":19,"column":30},"end":{"line":19,"column":32}}],"line":19}},"s":{"0":0,"1":0,"2":0,"3":0,"4":0,"5":0,"6":0,"7":0,"8":0,"9":0,"10":0,"11":0,"12":0,"13":0,"14":0,"15":0,"16":0,"17":0,"18":0,"19":0,"20":0,"21":0,"22":0,"23":0,"24":0,"25":0,"26":0,"27":0,"28":0,"29":0,"30":0,"31":0,"32":0},"f":{"0":0,"1":0,"2":0,"3":0,"4":0,"5":0,"6":0,"7":0,"8":0,"9":0,"10":0},"b":{"0":[0,0],"1":[0,0],"2":[0,0],"3":[0,0],"4":[0,0],"5":[0,0],"6":[0,0]}}
,"/Users/tomoyatanaka/projects/atomic-design-practice/src/mock/Store.js": {"path":"/Users/tomoyatanaka/projects/atomic-design-practice/src/mock/Store.js","statementMap":{"0":{"start":{"line":1,"column":13},"end":{"line":1,"column":75}},"1":{"start":{"line":1,"column":94},"end":{"line":1,"column":623}},"2":{"start":{"line":1,"column":149},"end":{"line":1,"column":414}},"3":{"start":{"line":1,"column":206},"end":{"line":1,"column":214}},"4":{"start":{"line":1,"column":215},"end":{"line":1,"column":270}},"5":{"start":{"line":1,"column":270},"end":{"line":1,"column":301}},"6":{"start":{"line":1,"column":301},"end":{"line":1,"column":355}},"7":{"start":{"line":1,"column":328},"end":{"line":1,"column":355}},"8":{"start":{"line":1,"column":355},"end":{"line":1,"column":413}},"9":{"start":{"line":1,"column":415},"end":{"line":1,"column":620}},"10":{"start":{"line":1,"column":471},"end":{"line":1,"column":539}},"11":{"start":{"line":1,"column":487},"end":{"line":1,"column":539}},"12":{"start":{"line":1,"column":539},"end":{"line":1,"column":599}},"13":{"start":{"line":1,"column":556},"end":{"line":1,"column":599}},"14":{"start":{"line":1,"column":599},"end":{"line":1,"column":618}},"15":{"start":{"line":1,"column":645},"end":{"line":1,"column":673}},"16":{"start":{"line":1,"column":695},"end":{"line":1,"column":733}},"17":{"start":{"line":1,"column":772},"end":{"line":1,"column":826}},"18":{"start":{"line":1,"column":861},"end":{"line":1,"column":1012}},"19":{"start":{"line":1,"column":886},"end":{"line":1,"column":968}},"20":{"start":{"line":1,"column":950},"end":{"line":1,"column":967}},"21":{"start":{"line":1,"column":968},"end":{"line":1,"column":980}},"22":{"start":{"line":1,"column":988},"end":{"line":1,"column":1011}},"23":{"start":{"line":1,"column":1062},"end":{"line":1,"column":1161}},"24":{"start":{"line":1,"column":1103},"end":{"line":1,"column":1160}},"25":{"start":{"line":1,"column":1211},"end":{"line":1,"column":1310}},"26":{"start":{"line":1,"column":1223},"end":{"line":1,"column":1309}},"27":{"start":{"line":1,"column":1310},"end":{"line":1,"column":1396}},"28":{"start":{"line":1,"column":1439},"end":{"line":1,"column":1602}},"29":{"start":{"line":1,"column":1501},"end":{"line":1,"column":1601}},"30":{"start":{"line":1,"column":1602},"end":{"line":1,"column":1766}},"31":{"start":{"line":1,"column":1766},"end":{"line":1,"column":1884}},"32":{"start":{"line":1,"column":1782},"end":{"line":1,"column":1884}},"33":{"start":{"line":3,"column":8},"end":{"line":35,"column":48}},"34":{"start":{"line":3,"column":34},"end":{"line":3,"column":66}},"35":{"start":{"line":4,"column":30},"end":{"line":4,"column":59}},"36":{"start":{"line":4,"column":71},"end":{"line":4,"column":165}},"37":{"start":{"line":6,"column":4},"end":{"line":6,"column":29}},"38":{"start":{"line":7,"column":4},"end":{"line":7,"column":27}},"39":{"start":{"line":8,"column":4},"end":{"line":8,"column":26}},"40":{"start":{"line":9,"column":4},"end":{"line":9,"column":54}},"41":{"start":{"line":10,"column":4},"end":{"line":10,"column":80}},"42":{"start":{"line":10,"column":80},"end":{"line":10,"column":93}},"43":{"start":{"line":11,"column":3},"end":{"line":35,"column":10}},"44":{"start":{"line":14,"column":22},"end":{"line":14,"column":40}},"45":{"start":{"line":14,"column":55},"end":{"line":14,"column":71}},"46":{"start":{"line":14,"column":85},"end":{"line":14,"column":100}},"47":{"start":{"line":15,"column":6},"end":{"line":18,"column":33}},"48":{"start":{"line":22,"column":25},"end":{"line":22,"column":43}},"49":{"start":{"line":22,"column":58},"end":{"line":22,"column":74}},"50":{"start":{"line":22,"column":88},"end":{"line":22,"column":103}},"51":{"start":{"line":23,"column":6},"end":{"line":23,"column":60}},"52":{"start":{"line":24,"column":6},"end":{"line":24,"column":54}},"53":{"start":{"line":25,"column":6},"end":{"line":25,"column":51}},"54":{"start":{"line":26,"column":6},"end":{"line":26,"column":38}},"55":{"start":{"line":30,"column":16},"end":{"line":30,"column":86}},"56":{"start":{"line":30,"column":62},"end":{"line":30,"column":84}},"57":{"start":{"line":31,"column":26},"end":{"line":31,"column":75}},"58":{"start":{"line":32,"column":6},"end":{"line":32,"column":35}},"59":{"start":{"line":33,"column":6},"end":{"line":33,"column":41}},"60":{"start":{"line":34,"column":6},"end":{"line":34,"column":38}},"61":{"start":{"line":35,"column":10},"end":{"line":35,"column":23}},"62":{"start":{"line":35,"column":49},"end":{"line":35,"column":73}},"63":{"start":{"line":35,"column":73},"end":{"line":35,"column":109}}},"fnMap":{"0":{"name":"(anonymous_0)","decl":{"start":{"line":1,"column":94},"end":{"line":1,"column":95}},"loc":{"start":{"line":1,"column":106},"end":{"line":1,"column":621}},"line":1},"1":{"name":"defineProperties","decl":{"start":{"line":1,"column":116},"end":{"line":1,"column":132}},"loc":{"start":{"line":1,"column":148},"end":{"line":1,"column":415}},"line":1},"2":{"name":"(anonymous_2)","decl":{"start":{"line":1,"column":422},"end":{"line":1,"column":423}},"loc":{"start":{"line":1,"column":470},"end":{"line":1,"column":619}},"line":1},"3":{"name":"_interopRequireDefault","decl":{"start":{"line":1,"column":743},"end":{"line":1,"column":765}},"loc":{"start":{"line":1,"column":771},"end":{"line":1,"column":827}},"line":1},"4":{"name":"_toConsumableArray","decl":{"start":{"line":1,"column":836},"end":{"line":1,"column":854}},"loc":{"start":{"line":1,"column":860},"end":{"line":1,"column":1013}},"line":1},"5":{"name":"_classCallCheck","decl":{"start":{"line":1,"column":1022},"end":{"line":1,"column":1037}},"loc":{"start":{"line":1,"column":1061},"end":{"line":1,"column":1162}},"line":1},"6":{"name":"_possibleConstructorReturn","decl":{"start":{"line":1,"column":1171},"end":{"line":1,"column":1197}},"loc":{"start":{"line":1,"column":1210},"end":{"line":1,"column":1397}},"line":1},"7":{"name":"_inherits","decl":{"start":{"line":1,"column":1406},"end":{"line":1,"column":1415}},"loc":{"start":{"line":1,"column":1438},"end":{"line":1,"column":1885}},"line":1},"8":{"name":"(anonymous_8)","decl":{"start":{"line":3,"column":8},"end":{"line":3,"column":9}},"loc":{"start":{"line":3,"column":33},"end":{"line":35,"column":24}},"line":3},"9":{"name":"Store","decl":{"start":{"line":4,"column":11},"end":{"line":4,"column":16}},"loc":{"start":{"line":4,"column":29},"end":{"line":11,"column":3}},"line":4},"10":{"name":"get","decl":{"start":{"line":11,"column":54},"end":{"line":11,"column":57}},"loc":{"start":{"line":13,"column":4},"end":{"line":20,"column":5}},"line":13},"11":{"name":"onChange","decl":{"start":{"line":20,"column":44},"end":{"line":20,"column":52}},"loc":{"start":{"line":22,"column":4},"end":{"line":27,"column":5}},"line":22},"12":{"name":"onDeleteNotification","decl":{"start":{"line":27,"column":56},"end":{"line":27,"column":76}},"loc":{"start":{"line":29,"column":8},"end":{"line":35,"column":5}},"line":29},"13":{"name":"(anonymous_13)","decl":{"start":{"line":30,"column":45},"end":{"line":30,"column":46}},"loc":{"start":{"line":30,"column":61},"end":{"line":30,"column":85}},"line":30}},"branchMap":{"0":{"loc":{"start":{"line":1,"column":239},"end":{"line":1,"column":269}},"type":"binary-expr","locations":[{"start":{"line":1,"column":239},"end":{"line":1,"column":260}},{"start":{"line":1,"column":264},"end":{"line":1,"column":269}}],"line":1},"1":{"loc":{"start":{"line":1,"column":301},"end":{"line":1,"column":355}},"type":"if","locations":[{"start":{"line":1,"column":301},"end":{"line":1,"column":355}},{"start":{"line":1,"column":301},"end":{"line":1,"column":355}}],"line":1},"2":{"loc":{"start":{"line":1,"column":471},"end":{"line":1,"column":539}},"type":"if","locations":[{"start":{"line":1,"column":471},"end":{"line":1,"column":539}},{"start":{"line":1,"column":471},"end":{"line":1,"column":539}}],"line":1},"3":{"loc":{"start":{"line":1,"column":539},"end":{"line":1,"column":599}},"type":"if","locations":[{"start":{"line":1,"column":539},"end":{"line":1,"column":599}},{"start":{"line":1,"column":539},"end":{"line":1,"column":599}}],"line":1},"4":{"loc":{"start":{"line":1,"column":779},"end":{"line":1,"column":825}},"type":"cond-expr","locations":[{"start":{"line":1,"column":803},"end":{"line":1,"column":806}},{"start":{"line":1,"column":809},"end":{"line":1,"column":825}}],"line":1},"5":{"loc":{"start":{"line":1,"column":779},"end":{"line":1,"column":800}},"type":"binary-expr","locations":[{"start":{"line":1,"column":779},"end":{"line":1,"column":782}},{"start":{"line":1,"column":786},"end":{"line":1,"column":800}}],"line":1},"6":{"loc":{"start":{"line":1,"column":861},"end":{"line":1,"column":1012}},"type":"if","locations":[{"start":{"line":1,"column":861},"end":{"line":1,"column":1012}},{"start":{"line":1,"column":861},"end":{"line":1,"column":1012}}],"line":1},"7":{"loc":{"start":{"line":1,"column":1062},"end":{"line":1,"column":1161}},"type":"if","locations":[{"start":{"line":1,"column":1062},"end":{"line":1,"column":1161}},{"start":{"line":1,"column":1062},"end":{"line":1,"column":1161}}],"line":1},"8":{"loc":{"start":{"line":1,"column":1211},"end":{"line":1,"column":1310}},"type":"if","locations":[{"start":{"line":1,"column":1211},"end":{"line":1,"column":1310}},{"start":{"line":1,"column":1211},"end":{"line":1,"column":1310}}],"line":1},"9":{"loc":{"start":{"line":1,"column":1317},"end":{"line":1,"column":1395}},"type":"cond-expr","locations":[{"start":{"line":1,"column":1384},"end":{"line":1,"column":1388}},{"start":{"line":1,"column":1391},"end":{"line":1,"column":1395}}],"line":1},"10":{"loc":{"start":{"line":1,"column":1317},"end":{"line":1,"column":1381}},"type":"binary-expr","locations":[{"start":{"line":1,"column":1317},"end":{"line":1,"column":1321}},{"start":{"line":1,"column":1326},"end":{"line":1,"column":1350}},{"start":{"line":1,"column":1354},"end":{"line":1,"column":1380}}],"line":1},"11":{"loc":{"start":{"line":1,"column":1439},"end":{"line":1,"column":1602}},"type":"if","locations":[{"start":{"line":1,"column":1439},"end":{"line":1,"column":1602}},{"start":{"line":1,"column":1439},"end":{"line":1,"column":1602}}],"line":1},"12":{"loc":{"start":{"line":1,"column":1443},"end":{"line":1,"column":1498}},"type":"binary-expr","locations":[{"start":{"line":1,"column":1443},"end":{"line":1,"column":1475}},{"start":{"line":1,"column":1479},"end":{"line":1,"column":1498}}],"line":1},"13":{"loc":{"start":{"line":1,"column":1637},"end":{"line":1,"column":1671}},"type":"binary-expr","locations":[{"start":{"line":1,"column":1637},"end":{"line":1,"column":1647}},{"start":{"line":1,"column":1651},"end":{"line":1,"column":1671}}],"line":1},"14":{"loc":{"start":{"line":1,"column":1766},"end":{"line":1,"column":1884}},"type":"if","locations":[{"start":{"line":1,"column":1766},"end":{"line":1,"column":1884}},{"start":{"line":1,"column":1766},"end":{"line":1,"column":1884}}],"line":1},"15":{"loc":{"start":{"line":1,"column":1782},"end":{"line":1,"column":1883}},"type":"cond-expr","locations":[{"start":{"line":1,"column":1806},"end":{"line":1,"column":1849}},{"start":{"line":1,"column":1852},"end":{"line":1,"column":1883}}],"line":1},"16":{"loc":{"start":{"line":4,"column":105},"end":{"line":4,"column":152}},"type":"binary-expr","locations":[{"start":{"line":4,"column":105},"end":{"line":4,"column":120}},{"start":{"line":4,"column":124},"end":{"line":4,"column":152}}],"line":4},"17":{"loc":{"start":{"line":23,"column":6},"end":{"line":23,"column":59}},"type":"binary-expr","locations":[{"start":{"line":23,"column":6},"end":{"line":23,"column":19}},{"start":{"line":23,"column":24},"end":{"line":23,"column":58}}],"line":23},"18":{"loc":{"start":{"line":24,"column":6},"end":{"line":24,"column":53}},"type":"binary-expr","locations":[{"start":{"line":24,"column":6},"end":{"line":24,"column":17}},{"start":{"line":24,"column":22},"end":{"line":24,"column":52}}],"line":24},"19":{"loc":{"start":{"line":25,"column":6},"end":{"line":25,"column":50}},"type":"binary-expr","locations":[{"start":{"line":25,"column":6},"end":{"line":25,"column":16}},{"start":{"line":25,"column":21},"end":{"line":25,"column":49}}],"line":25}},"s":{"0":0,"1":0,"2":0,"3":0,"4":0,"5":0,"6":0,"7":0,"8":0,"9":0,"10":0,"11":0,"12":0,"13":0,"14":0,"15":0,"16":0,"17":0,"18":0,"19":0,"20":0,"21":0,"22":0,"23":0,"24":0,"25":0,"26":0,"27":0,"28":0,"29":0,"30":0,"31":0,"32":0,"33":0,"34":0,"35":0,"36":0,"37":0,"38":0,"39":0,"40":0,"41":0,"42":0,"43":0,"44":0,"45":0,"46":0,"47":0,"48":0,"49":0,"50":0,"51":0,"52":0,"53":0,"54":0,"55":0,"56":0,"57":0,"58":0,"59":0,"60":0,"61":0,"62":0,"63":0},"f":{"0":0,"1":0,"2":0,"3":0,"4":0,"5":0,"6":0,"7":0,"8":0,"9":0,"10":0,"11":0,"12":0,"13":0},"b":{"0":[0,0],"1":[0,0],"2":[0,0],"3":[0,0],"4":[0,0],"5":[0,0],"6":[0,0],"7":[0,0],"8":[0,0],"9":[0,0],"10":[0,0,0],"11":[0,0],"12":[0,0],"13":[0,0],"14":[0,0],"15":[0,0],"16":[0,0],"17":[0,0],"18":[0,0],"19":[0,0]}}
,"/Users/tomoyatanaka/projects/atomic-design-practice/src/mock/data.js": {"path":"/Users/tomoyatanaka/projects/atomic-design-practice/src/mock/data.js","statementMap":{"0":{"start":{"line":1,"column":29},"end":{"line":57,"column":2}},"1":{"start":{"line":59,"column":27},"end":{"line":65,"column":1}},"2":{"start":{"line":67,"column":26},"end":{"line":70,"column":1}},"3":{"start":{"line":72,"column":24},"end":{"line":79,"column":1}}},"fnMap":{},"branchMap":{},"s":{"0":1,"1":1,"2":1,"3":1},"f":{},"b":{},"_coverageSchema":"332fd63041d2c1bcb487cc26dd0d5f7d97098a6c","hash":"33939e95fa5230b7b517e5e0f85c8e396a79e1ef"}
,"/Users/tomoyatanaka/projects/atomic-design-practice/src/mock/http.js": {"path":"/Users/tomoyatanaka/projects/atomic-design-practice/src/mock/http.js","statementMap":{"0":{"start":{"line":1,"column":13},"end":{"line":1,"column":75}},"1":{"start":{"line":1,"column":87},"end":{"line":1,"column":107}},"2":{"start":{"line":1,"column":140},"end":{"line":1,"column":540}},"3":{"start":{"line":1,"column":170},"end":{"line":1,"column":195}},"4":{"start":{"line":1,"column":196},"end":{"line":1,"column":538}},"5":{"start":{"line":1,"column":268},"end":{"line":1,"column":360}},"6":{"start":{"line":1,"column":284},"end":{"line":1,"column":297}},"7":{"start":{"line":1,"column":310},"end":{"line":1,"column":320}},"8":{"start":{"line":1,"column":338},"end":{"line":1,"column":352}},"9":{"start":{"line":1,"column":352},"end":{"line":1,"column":359}},"10":{"start":{"line":1,"column":360},"end":{"line":1,"column":514}},"11":{"start":{"line":1,"column":376},"end":{"line":1,"column":391}},"12":{"start":{"line":1,"column":399},"end":{"line":1,"column":513}},"13":{"start":{"line":1,"column":452},"end":{"line":1,"column":472}},"14":{"start":{"line":1,"column":491},"end":{"line":1,"column":510}},"15":{"start":{"line":1,"column":515},"end":{"line":1,"column":535}},"16":{"start":{"line":1,"column":541},"end":{"line":28,"column":6}},"17":{"start":{"line":8,"column":43},"end":{"line":8,"column":47}},"18":{"start":{"line":8,"column":48},"end":{"line":17,"column":86}},"19":{"start":{"line":8,"column":131},"end":{"line":17,"column":80}},"20":{"start":{"line":8,"column":191},"end":{"line":17,"column":61}},"21":{"start":{"line":8,"column":202},"end":{"line":17,"column":60}},"22":{"start":{"line":8,"column":249},"end":{"line":9,"column":23}},"23":{"start":{"line":9,"column":23},"end":{"line":10,"column":34}},"24":{"start":{"line":10,"column":34},"end":{"line":10,"column":40}},"25":{"start":{"line":10,"column":47},"end":{"line":14,"column":48}},"26":{"start":{"line":14,"column":55},"end":{"line":17,"column":18}},"27":{"start":{"line":17,"column":36},"end":{"line":17,"column":59}},"28":{"start":{"line":21,"column":51},"end":{"line":21,"column":55}},"29":{"start":{"line":21,"column":56},"end":{"line":26,"column":89}},"30":{"start":{"line":21,"column":140},"end":{"line":26,"column":83}},"31":{"start":{"line":21,"column":202},"end":{"line":26,"column":62}},"32":{"start":{"line":21,"column":213},"end":{"line":26,"column":61}},"33":{"start":{"line":21,"column":262},"end":{"line":22,"column":23}},"34":{"start":{"line":22,"column":23},"end":{"line":23,"column":34}},"35":{"start":{"line":23,"column":34},"end":{"line":23,"column":40}},"36":{"start":{"line":23,"column":47},"end":{"line":24,"column":18}},"37":{"start":{"line":24,"column":25},"end":{"line":26,"column":18}},"38":{"start":{"line":26,"column":36},"end":{"line":26,"column":60}},"39":{"start":{"line":28,"column":6},"end":{"line":28,"column":42}}},"fnMap":{"0":{"name":"_asyncToGenerator","decl":{"start":{"line":1,"column":117},"end":{"line":1,"column":134}},"loc":{"start":{"line":1,"column":139},"end":{"line":1,"column":541}},"line":1},"1":{"name":"(anonymous_1)","decl":{"start":{"line":1,"column":147},"end":{"line":1,"column":148}},"loc":{"start":{"line":1,"column":159},"end":{"line":1,"column":539}},"line":1},"2":{"name":"(anonymous_2)","decl":{"start":{"line":1,"column":215},"end":{"line":1,"column":216}},"loc":{"start":{"line":1,"column":242},"end":{"line":1,"column":536}},"line":1},"3":{"name":"step","decl":{"start":{"line":1,"column":252},"end":{"line":1,"column":256}},"loc":{"start":{"line":1,"column":267},"end":{"line":1,"column":515}},"line":1},"4":{"name":"(anonymous_4)","decl":{"start":{"line":1,"column":434},"end":{"line":1,"column":435}},"loc":{"start":{"line":1,"column":451},"end":{"line":1,"column":473}},"line":1},"5":{"name":"(anonymous_5)","decl":{"start":{"line":1,"column":475},"end":{"line":1,"column":476}},"loc":{"start":{"line":1,"column":490},"end":{"line":1,"column":511}},"line":1},"6":{"name":"get","decl":{"start":{"line":8,"column":16},"end":{"line":8,"column":19}},"loc":{"start":{"line":8,"column":30},"end":{"line":19,"column":3}},"line":8},"7":{"name":"_callee","decl":{"start":{"line":8,"column":120},"end":{"line":8,"column":127}},"loc":{"start":{"line":8,"column":130},"end":{"line":17,"column":81}},"line":8},"8":{"name":"_callee$","decl":{"start":{"line":8,"column":171},"end":{"line":8,"column":179}},"loc":{"start":{"line":8,"column":190},"end":{"line":17,"column":62}},"line":8},"9":{"name":"_delete","decl":{"start":{"line":21,"column":19},"end":{"line":21,"column":26}},"loc":{"start":{"line":21,"column":37},"end":{"line":28,"column":3}},"line":21},"10":{"name":"_callee2","decl":{"start":{"line":21,"column":128},"end":{"line":21,"column":136}},"loc":{"start":{"line":21,"column":139},"end":{"line":26,"column":84}},"line":21},"11":{"name":"_callee2$","decl":{"start":{"line":21,"column":180},"end":{"line":21,"column":189}},"loc":{"start":{"line":21,"column":201},"end":{"line":26,"column":63}},"line":21}},"branchMap":{"0":{"loc":{"start":{"line":1,"column":360},"end":{"line":1,"column":514}},"type":"if","locations":[{"start":{"line":1,"column":360},"end":{"line":1,"column":514}},{"start":{"line":1,"column":360},"end":{"line":1,"column":514}}],"line":1},"1":{"loc":{"start":{"line":8,"column":202},"end":{"line":17,"column":60}},"type":"switch","locations":[{"start":{"line":8,"column":242},"end":{"line":10,"column":40}},{"start":{"line":10,"column":40},"end":{"line":14,"column":48}},{"start":{"line":14,"column":48},"end":{"line":17,"column":18}},{"start":{"line":17,"column":18},"end":{"line":17,"column":25}},{"start":{"line":17,"column":25},"end":{"line":17,"column":59}}],"line":8},"2":{"loc":{"start":{"line":9,"column":39},"end":{"line":10,"column":33}},"type":"cond-expr","locations":[{"start":{"line":10,"column":28},"end":{"line":10,"column":29}},{"start":{"line":10,"column":32},"end":{"line":10,"column":33}}],"line":9},"3":{"loc":{"start":{"line":21,"column":213},"end":{"line":26,"column":61}},"type":"switch","locations":[{"start":{"line":21,"column":255},"end":{"line":23,"column":40}},{"start":{"line":23,"column":40},"end":{"line":24,"column":18}},{"start":{"line":24,"column":18},"end":{"line":26,"column":18}},{"start":{"line":26,"column":18},"end":{"line":26,"column":25}},{"start":{"line":26,"column":25},"end":{"line":26,"column":60}}],"line":21},"4":{"loc":{"start":{"line":22,"column":40},"end":{"line":23,"column":33}},"type":"cond-expr","locations":[{"start":{"line":23,"column":28},"end":{"line":23,"column":29}},{"start":{"line":23,"column":32},"end":{"line":23,"column":33}}],"line":22}},"s":{"0":0,"1":0,"2":0,"3":0,"4":0,"5":0,"6":0,"7":0,"8":0,"9":0,"10":0,"11":0,"12":0,"13":0,"14":0,"15":0,"16":0,"17":0,"18":0,"19":0,"20":0,"21":0,"22":0,"23":0,"24":0,"25":0,"26":0,"27":0,"28":0,"29":0,"30":0,"31":0,"32":0,"33":0,"34":0,"35":0,"36":0,"37":0,"38":0,"39":0},"f":{"0":0,"1":0,"2":0,"3":0,"4":0,"5":0,"6":0,"7":0,"8":0,"9":0,"10":0,"11":0},"b":{"0":[0,0],"1":[0,0,0,0,0],"2":[0,0],"3":[0,0,0,0,0],"4":[0,0]}}
}
