TN:
SF:/Users/tomoyatanaka/projects/atomic-design-practice/src/client.js
FN:3,_interopRequireDefault
FNF:1
FNH:0
FNDA:0,_interopRequireDefault
DA:1,0
DA:2,0
DA:3,0
DA:5,0
LF:4
LH:0
BRDA:3,0,0,0
BRDA:3,0,1,0
BRDA:3,1,0,0
BRDA:3,1,1,0
BRF:4
BRH:0
end_of_record
TN:
SF:/Users/tomoyatanaka/projects/atomic-design-practice/src/components/atoms/Anchor/index.js
FN:3,(anonymous_0)
FNF:1
FNH:1
FNDA:5,(anonymous_0)
DA:3,1
DA:4,5
LF:2
LH:2
BRF:0
BRH:0
end_of_record
TN:
SF:/Users/tomoyatanaka/projects/atomic-design-practice/src/components/atoms/Balloon/index.js
FN:5,(anonymous_0)
FN:12,(anonymous_1)
FNF:2
FNH:2
FNDA:25,(anonymous_0)
FNDA:2,(anonymous_1)
DA:5,1
DA:6,25
DA:12,1
DA:13,2
LF:4
LH:4
BRF:0
BRH:0
end_of_record
TN:
SF:/Users/tomoyatanaka/projects/atomic-design-practice/src/components/atoms/Button/index.js
FN:4,buttonFactory
FN:5,(anonymous_1)
FNF:2
FNH:2
FNDA:3,buttonFactory
FNDA:4,(anonymous_1)
DA:5,3
DA:6,4
DA:10,1
DA:11,1
DA:12,1
LF:5
LH:5
BRF:0
BRH:0
end_of_record
TN:
SF:/Users/tomoyatanaka/projects/atomic-design-practice/src/components/atoms/Heading/index.js
FN:5,(anonymous_0)
FN:14,(anonymous_1)
FN:23,(anonymous_2)
FNF:3
FNH:3
FNDA:16,(anonymous_0)
FNDA:3,(anonymous_1)
FNDA:19,(anonymous_2)
DA:5,1
DA:11,16
DA:14,1
DA:20,3
DA:23,1
DA:29,19
DA:30,19
DA:31,19
DA:33,19
DA:36,1
DA:39,1
LF:11
LH:11
BRDA:25,0,0,2
BRDA:30,1,0,15
BRDA:30,1,1,4
BRF:3
BRH:3
end_of_record
TN:
SF:/Users/tomoyatanaka/projects/atomic-design-practice/src/components/atoms/HolyGrailLayout/index.js
FN:5,(anonymous_0)
FN:20,(anonymous_1)
FN:33,mapParts
FN:35,(anonymous_3)
FN:47,(anonymous_4)
FN:48,(anonymous_5)
FN:49,(anonymous_6)
FN:50,(anonymous_7)
FN:51,(anonymous_8)
FNF:9
FNH:4
FNDA:1,(anonymous_0)
FNDA:1,(anonymous_1)
FNDA:1,mapParts
FNDA:5,(anonymous_3)
FNDA:0,(anonymous_4)
FNDA:0,(anonymous_5)
FNDA:0,(anonymous_6)
FNDA:0,(anonymous_7)
FNDA:0,(anonymous_8)
DA:5,1
DA:6,1
DA:7,1
DA:20,1
DA:21,1
DA:22,1
DA:25,1
DA:34,1
DA:35,1
DA:36,5
DA:37,5
DA:38,5
DA:40,1
DA:41,1
DA:44,1
DA:47,1
DA:48,1
DA:49,1
DA:50,1
DA:51,1
LF:20
LH:20
BRDA:5,0,0,1
BRDA:37,1,0,0
BRDA:37,1,1,5
BRF:3
BRH:2
end_of_record
TN:
SF:/Users/tomoyatanaka/projects/atomic-design-practice/src/components/atoms/HoverTipInteraction/index.js
FN:5,(anonymous_0)
FN:11,(anonymous_1)
FN:12,(anonymous_2)
FN:33,(anonymous_3)
FN:34,(anonymous_4)
FNF:5
FNH:3
FNDA:18,(anonymous_0)
FNDA:18,(anonymous_1)
FNDA:36,(anonymous_2)
FNDA:0,(anonymous_3)
FNDA:0,(anonymous_4)
DA:5,1
DA:6,18
DA:11,1
DA:12,18
DA:13,36
DA:14,18
DA:15,18
DA:18,18
DA:19,3
DA:20,3
DA:24,15
DA:26,18
DA:29,1
DA:33,1
DA:34,1
LF:15
LH:15
BRDA:13,0,0,18
BRDA:13,0,1,18
BRDA:18,1,0,3
BRDA:18,1,1,15
BRF:4
BRH:4
end_of_record
TN:
SF:/Users/tomoyatanaka/projects/atomic-design-practice/src/components/atoms/Icon/index.js
FN:4,(anonymous_0)
FN:19,(anonymous_1)
FN:29,(anonymous_2)
FN:29,(anonymous_3)
FN:31,(anonymous_4)
FNF:5
FNH:5
FNDA:20,(anonymous_0)
FNDA:20,(anonymous_1)
FNDA:4,(anonymous_2)
FNDA:20,(anonymous_3)
FNDA:20,(anonymous_4)
DA:4,1
DA:10,20
DA:19,1
DA:25,20
DA:26,20
DA:29,4
DA:30,20
DA:31,20
DA:36,1
DA:37,1
DA:38,1
DA:39,1
LF:12
LH:12
BRDA:6,0,0,20
BRDA:7,1,0,20
BRDA:22,2,0,20
BRDA:25,3,0,15
BRDA:25,3,1,5
BRF:5
BRH:5
end_of_record
TN:
SF:/Users/tomoyatanaka/projects/atomic-design-practice/src/components/atoms/Img/index.js
FN:3,(anonymous_0)
FNF:1
FNH:1
FNDA:14,(anonymous_0)
DA:3,14
LF:1
LH:1
BRF:0
BRH:0
end_of_record
TN:
SF:/Users/tomoyatanaka/projects/atomic-design-practice/src/components/atoms/MediaObjectLayout/index.js
FN:4,(anonymous_0)
FNF:1
FNH:1
FNDA:15,(anonymous_0)
DA:4,1
DA:5,15
LF:2
LH:2
BRDA:4,0,0,1
BRF:1
BRH:1
end_of_record
TN:
SF:/Users/tomoyatanaka/projects/atomic-design-practice/src/components/atoms/StickyHeaderLayout/index.js
FN:4,(anonymous_0)
FNF:1
FNH:1
FNDA:2,(anonymous_0)
DA:4,1
DA:5,2
LF:2
LH:2
BRDA:4,0,0,2
BRF:1
BRH:1
end_of_record
TN:
SF:/Users/tomoyatanaka/projects/atomic-design-practice/src/components/atoms/TextBox/index.js
FN:4,(anonymous_0)
FNF:1
FNH:1
FNDA:2,(anonymous_0)
DA:4,1
DA:5,2
LF:2
LH:2
BRF:0
BRH:0
end_of_record
TN:
SF:/Users/tomoyatanaka/projects/atomic-design-practice/src/components/atoms/Time/index.js
FN:6,(anonymous_0)
FN:8,(anonymous_1)
FN:36,isValid
FN:40,formatDatetime
FNF:4
FNH:4
FNDA:29,(anonymous_0)
FNDA:29,(anonymous_1)
FNDA:29,isValid
FNDA:57,formatDatetime
DA:6,29
DA:8,1
DA:15,29
DA:18,29
DA:19,1
DA:21,28
DA:24,29
DA:25,29
DA:28,29
DA:31,1
DA:34,1
DA:37,29
DA:41,57
LF:13
LH:13
BRDA:12,0,0,2
BRDA:18,1,0,1
BRDA:18,1,1,28
BRDA:24,2,0,29
BRDA:24,2,1,0
BRDA:40,3,0,29
BRF:6
BRH:5
end_of_record
TN:
SF:/Users/tomoyatanaka/projects/atomic-design-practice/src/components/atoms/Txt/index.js
FN:4,(anonymous_0)
FN:4,(anonymous_1)
FNF:2
FNH:2
FNDA:4,(anonymous_0)
FNDA:39,(anonymous_1)
DA:4,4
DA:5,39
DA:8,1
DA:11,1
DA:12,1
DA:13,1
LF:6
LH:6
BRDA:4,0,0,39
BRDA:4,1,0,4
BRF:2
BRH:2
end_of_record
TN:
SF:/Users/tomoyatanaka/projects/atomic-design-practice/src/components/molecules/Breadcrumb/index.js
FN:8,(anonymous_0)
FN:10,(anonymous_1)
FNF:2
FNH:2
FNDA:3,(anonymous_0)
FNDA:6,(anonymous_1)
DA:6,1
DA:8,1
DA:9,3
DA:11,6
LF:4
LH:4
BRDA:8,0,0,0
BRDA:12,1,0,3
BRDA:12,1,1,3
BRF:3
BRH:2
end_of_record
TN:
SF:/Users/tomoyatanaka/projects/atomic-design-practice/src/components/molecules/DeleteButton/index.js
FN:9,(anonymous_0)
FNF:1
FNH:1
FNDA:14,(anonymous_0)
DA:9,1
DA:10,14
LF:2
LH:2
BRF:0
BRH:0
end_of_record
TN:
SF:/Users/tomoyatanaka/projects/atomic-design-practice/src/components/molecules/MailAuthForm/index.js
FN:6,(anonymous_0)
FNF:1
FNH:1
FNDA:1,(anonymous_0)
DA:6,1
DA:7,1
LF:2
LH:2
BRF:0
BRH:0
end_of_record
TN:
SF:/Users/tomoyatanaka/projects/atomic-design-practice/src/components/molecules/Navigation/index.js
FN:5,(anonymous_0)
FN:8,(anonymous_1)
FNF:2
FNH:2
FNDA:3,(anonymous_0)
FNDA:15,(anonymous_1)
DA:5,1
DA:6,3
DA:9,15
LF:3
LH:3
BRDA:10,0,0,12
BRDA:10,0,1,3
BRF:2
BRH:2
end_of_record
TN:
SF:/Users/tomoyatanaka/projects/atomic-design-practice/src/components/organisms/Header/index.js
FN:5,(anonymous_0)
FNF:1
FNH:1
FNDA:2,(anonymous_0)
DA:5,1
DA:6,2
LF:2
LH:2
BRF:0
BRH:0
end_of_record
TN:
SF:/Users/tomoyatanaka/projects/atomic-design-practice/src/components/organisms/Notification/index.js
FN:12,(anonymous_0)
FN:17,(anonymous_1)
FN:28,(anonymous_2)
FN:34,(anonymous_3)
FNF:4
FNH:3
FNDA:13,(anonymous_0)
FNDA:13,(anonymous_1)
FNDA:0,(anonymous_2)
FNDA:13,(anonymous_3)
DA:13,13
DA:14,13
DA:22,13
DA:23,13
DA:24,13
DA:25,13
DA:29,0
DA:30,0
DA:34,1
DA:40,13
DA:63,1
LF:11
LH:9
BRDA:23,0,0,13
BRDA:23,0,1,0
BRF:2
BRH:1
end_of_record
TN:
SF:/Users/tomoyatanaka/projects/atomic-design-practice/src/components/organisms/NotificationList/index.js
FN:5,(anonymous_0)
FN:11,(anonymous_1)
FNF:2
FNH:2
FNDA:2,(anonymous_0)
FNDA:12,(anonymous_1)
DA:5,1
DA:10,2
DA:12,12
LF:3
LH:3
BRF:0
BRH:0
end_of_record
TN:
SF:/Users/tomoyatanaka/projects/atomic-design-practice/src/components/organisms/PageHeader/index.js
FN:5,(anonymous_0)
FNF:1
FNH:1
FNDA:2,(anonymous_0)
DA:5,1
DA:6,2
LF:2
LH:2
BRF:0
BRH:0
end_of_record
TN:
SF:/Users/tomoyatanaka/projects/atomic-design-practice/src/components/pages/NotificationListPage.js
FN:1,(anonymous_0)
FN:1,defineProperties
FN:1,(anonymous_2)
FN:5,_interopRequireDefault
FN:5,_classCallCheck
FN:5,_possibleConstructorReturn
FN:5,_inherits
FN:11,(anonymous_7)
FN:12,NotificationListPage
FN:17,componentWillMount
FN:21,componentWillUnmount
FN:25,render
FN:38,onChange
FN:42,onClickDeleteNotification
FNF:14
FNH:0
FNDA:0,(anonymous_0)
FNDA:0,defineProperties
FNDA:0,(anonymous_2)
FNDA:0,_interopRequireDefault
FNDA:0,_classCallCheck
FNDA:0,_possibleConstructorReturn
FNDA:0,_inherits
FNDA:0,(anonymous_7)
FNDA:0,NotificationListPage
FNDA:0,componentWillMount
FNDA:0,componentWillUnmount
FNDA:0,render
FNDA:0,onChange
FNDA:0,onClickDeleteNotification
DA:1,0
DA:2,0
DA:3,0
DA:4,0
DA:5,0
DA:7,0
DA:8,0
DA:9,0
DA:11,0
DA:12,0
DA:14,0
DA:15,0
DA:16,0
DA:17,0
DA:20,0
DA:24,0
DA:28,0
DA:29,0
DA:30,0
DA:41,0
DA:45,0
DA:46,0
LF:22
LH:0
BRDA:1,0,0,0
BRDA:1,0,1,0
BRDA:1,1,0,0
BRDA:1,1,1,0
BRDA:1,2,0,0
BRDA:1,2,1,0
BRDA:1,3,0,0
BRDA:1,3,1,0
BRDA:5,4,0,0
BRDA:5,4,1,0
BRDA:5,5,0,0
BRDA:5,5,1,0
BRDA:5,6,0,0
BRDA:5,6,1,0
BRDA:5,7,0,0
BRDA:5,7,1,0
BRDA:5,8,0,0
BRDA:5,8,1,0
BRDA:5,9,0,0
BRDA:5,9,1,0
BRDA:5,9,2,0
BRDA:5,10,0,0
BRDA:5,10,1,0
BRDA:5,11,0,0
BRDA:5,11,1,0
BRDA:5,12,0,0
BRDA:5,12,1,0
BRDA:5,13,0,0
BRDA:5,13,1,0
BRDA:5,14,0,0
BRDA:5,14,1,0
BRDA:12,15,0,0
BRDA:12,15,1,0
BRF:33
BRH:0
end_of_record
TN:
SF:/Users/tomoyatanaka/projects/atomic-design-practice/src/components/templates/NotificationListTemplate/index.js
FN:8,(anonymous_0)
FNF:1
FNH:1
FNDA:1,(anonymous_0)
DA:8,1
DA:9,1
LF:2
LH:2
BRF:0
BRH:0
end_of_record
TN:
SF:/Users/tomoyatanaka/projects/atomic-design-practice/src/components/utils/HoC.js
FN:3,containPresenter
FN:4,(anonymous_1)
FN:5,(anonymous_2)
FNF:3
FNH:3
FNDA:6,containPresenter
FNDA:80,(anonymous_1)
FNDA:80,(anonymous_2)
DA:4,6
DA:5,80
LF:2
LH:2
BRF:0
BRH:0
end_of_record
TN:
SF:/Users/tomoyatanaka/projects/atomic-design-practice/src/components/utils/decorators.js
FN:3,(anonymous_0)
FN:3,(anonymous_1)
FNF:2
FNH:2
FNDA:5,(anonymous_0)
FNDA:5,(anonymous_1)
DA:3,5
LF:1
LH:1
BRF:0
BRH:0
end_of_record
TN:
SF:/Users/tomoyatanaka/projects/atomic-design-practice/src/mock/ActionCreator.js
FN:1,(anonymous_0)
FN:1,defineProperties
FN:1,(anonymous_2)
FN:1,_interopRequireDefault
FN:1,_asyncToGenerator
FN:1,(anonymous_5)
FN:1,(anonymous_6)
FN:1,step
FN:1,(anonymous_8)
FN:1,(anonymous_9)
FN:1,_classCallCheck
FN:3,(anonymous_11)
FN:4,ActionCreator
FN:6,(anonymous_13)
FN:6,_callee
FN:6,_callee$
FN:10,fetch
FN:10,(anonymous_17)
FN:10,_callee2
FN:13,_callee2$
FN:15,deleteNotification
FNF:21
FNH:0
FNDA:0,(anonymous_0)
FNDA:0,defineProperties
FNDA:0,(anonymous_2)
FNDA:0,_interopRequireDefault
FNDA:0,_asyncToGenerator
FNDA:0,(anonymous_5)
FNDA:0,(anonymous_6)
FNDA:0,step
FNDA:0,(anonymous_8)
FNDA:0,(anonymous_9)
FNDA:0,_classCallCheck
FNDA:0,(anonymous_11)
FNDA:0,ActionCreator
FNDA:0,(anonymous_13)
FNDA:0,_callee
FNDA:0,_callee$
FNDA:0,fetch
FNDA:0,(anonymous_17)
FNDA:0,_callee2
FNDA:0,_callee2$
FNDA:0,deleteNotification
DA:1,0
DA:3,0
DA:4,0
DA:5,0
DA:6,0
DA:9,0
DA:10,0
DA:13,0
DA:15,0
LF:9
LH:0
BRDA:1,0,0,0
BRDA:1,0,1,0
BRDA:1,1,0,0
BRDA:1,1,1,0
BRDA:1,2,0,0
BRDA:1,2,1,0
BRDA:1,3,0,0
BRDA:1,3,1,0
BRDA:1,4,0,0
BRDA:1,4,1,0
BRDA:1,5,0,0
BRDA:1,5,1,0
BRDA:1,6,0,0
BRDA:1,6,1,0
BRDA:1,7,0,0
BRDA:1,7,1,0
BRDA:6,8,0,0
BRDA:6,8,1,0
BRDA:6,8,2,0
BRDA:6,8,3,0
BRDA:13,9,0,0
BRDA:13,9,1,0
BRDA:13,9,2,0
BRDA:13,9,3,0
BRF:24
BRH:0
end_of_record
TN:
SF:/Users/tomoyatanaka/projects/atomic-design-practice/src/mock/EventEmitter.js
FN:1,(anonymous_0)
FN:1,defineProperties
FN:1,(anonymous_2)
FN:1,_classCallCheck
FN:1,(anonymous_4)
FN:2,EventEmitter
FN:4,on
FN:11,off
FN:14,(anonymous_8)
FN:16,emit
FN:20,(anonymous_10)
FNF:11
FNH:0
FNDA:0,(anonymous_0)
FNDA:0,defineProperties
FNDA:0,(anonymous_2)
FNDA:0,_classCallCheck
FNDA:0,(anonymous_4)
FNDA:0,EventEmitter
FNDA:0,on
FNDA:0,off
FNDA:0,(anonymous_8)
FNDA:0,emit
FNDA:0,(anonymous_10)
DA:1,0
DA:2,0
DA:3,0
DA:4,0
DA:7,0
DA:8,0
DA:10,0
DA:14,0
DA:15,0
DA:18,0
DA:19,0
DA:20,0
DA:21,0
LF:13
LH:0
BRDA:1,0,0,0
BRDA:1,0,1,0
BRDA:1,1,0,0
BRDA:1,1,1,0
BRDA:1,2,0,0
BRDA:1,2,1,0
BRDA:1,3,0,0
BRDA:1,3,1,0
BRDA:1,4,0,0
BRDA:1,4,1,0
BRDA:7,5,0,0
BRDA:7,5,1,0
BRDA:19,6,0,0
BRDA:19,6,1,0
BRF:14
BRH:0
end_of_record
TN:
SF:/Users/tomoyatanaka/projects/atomic-design-practice/src/mock/Store.js
FN:1,(anonymous_0)
FN:1,defineProperties
FN:1,(anonymous_2)
FN:1,_interopRequireDefault
FN:1,_toConsumableArray
FN:1,_classCallCheck
FN:1,_possibleConstructorReturn
FN:1,_inherits
FN:3,(anonymous_8)
FN:4,Store
FN:11,get
FN:20,onChange
FN:27,onDeleteNotification
FN:30,(anonymous_13)
FNF:14
FNH:0
FNDA:0,(anonymous_0)
FNDA:0,defineProperties
FNDA:0,(anonymous_2)
FNDA:0,_interopRequireDefault
FNDA:0,_toConsumableArray
FNDA:0,_classCallCheck
FNDA:0,_possibleConstructorReturn
FNDA:0,_inherits
FNDA:0,(anonymous_8)
FNDA:0,Store
FNDA:0,get
FNDA:0,onChange
FNDA:0,onDeleteNotification
FNDA:0,(anonymous_13)
DA:1,0
DA:3,0
DA:4,0
DA:6,0
DA:7,0
DA:8,0
DA:9,0
DA:10,0
DA:11,0
DA:14,0
DA:15,0
DA:22,0
DA:23,0
DA:24,0
DA:25,0
DA:26,0
DA:30,0
DA:31,0
DA:32,0
DA:33,0
DA:34,0
DA:35,0
LF:22
LH:0
BRDA:1,0,0,0
BRDA:1,0,1,0
BRDA:1,1,0,0
BRDA:1,1,1,0
BRDA:1,2,0,0
BRDA:1,2,1,0
BRDA:1,3,0,0
BRDA:1,3,1,0
BRDA:1,4,0,0
BRDA:1,4,1,0
BRDA:1,5,0,0
BRDA:1,5,1,0
BRDA:1,6,0,0
BRDA:1,6,1,0
BRDA:1,7,0,0
BRDA:1,7,1,0
BRDA:1,8,0,0
BRDA:1,8,1,0
BRDA:1,9,0,0
BRDA:1,9,1,0
BRDA:1,10,0,0
BRDA:1,10,1,0
BRDA:1,10,2,0
BRDA:1,11,0,0
BRDA:1,11,1,0
BRDA:1,12,0,0
BRDA:1,12,1,0
BRDA:1,13,0,0
BRDA:1,13,1,0
BRDA:1,14,0,0
BRDA:1,14,1,0
BRDA:1,15,0,0
BRDA:1,15,1,0
BRDA:4,16,0,0
BRDA:4,16,1,0
BRDA:23,17,0,0
BRDA:23,17,1,0
BRDA:24,18,0,0
BRDA:24,18,1,0
BRDA:25,19,0,0
BRDA:25,19,1,0
BRF:41
BRH:0
end_of_record
TN:
SF:/Users/tomoyatanaka/projects/atomic-design-practice/src/mock/data.js
FNF:0
FNH:0
DA:1,1
DA:59,1
DA:67,1
DA:72,1
LF:4
LH:4
BRF:0
BRH:0
end_of_record
TN:
SF:/Users/tomoyatanaka/projects/atomic-design-practice/src/mock/http.js
FN:1,_asyncToGenerator
FN:1,(anonymous_1)
FN:1,(anonymous_2)
FN:1,step
FN:1,(anonymous_4)
FN:1,(anonymous_5)
FN:8,get
FN:8,_callee
FN:8,_callee$
FN:21,_delete
FN:21,_callee2
FN:21,_callee2$
FNF:12
FNH:0
FNDA:0,_asyncToGenerator
FNDA:0,(anonymous_1)
FNDA:0,(anonymous_2)
FNDA:0,step
FNDA:0,(anonymous_4)
FNDA:0,(anonymous_5)
FNDA:0,get
FNDA:0,_callee
FNDA:0,_callee$
FNDA:0,_delete
FNDA:0,_callee2
FNDA:0,_callee2$
DA:1,0
DA:8,0
DA:9,0
DA:10,0
DA:14,0
DA:17,0
DA:21,0
DA:22,0
DA:23,0
DA:24,0
DA:26,0
DA:28,0
LF:12
LH:0
BRDA:1,0,0,0
BRDA:1,0,1,0
BRDA:8,1,0,0
BRDA:8,1,1,0
BRDA:8,1,2,0
BRDA:8,1,3,0
BRDA:8,1,4,0
BRDA:9,2,0,0
BRDA:9,2,1,0
BRDA:21,3,0,0
BRDA:21,3,1,0
BRDA:21,3,2,0
BRDA:21,3,3,0
BRDA:21,3,4,0
BRDA:22,4,0,0
BRDA:22,4,1,0
BRF:16
BRH:0
end_of_record
